2025-08-14 15:26:27 info: 	Server running on port 9000
2025-08-14 15:26:27 info: 	API documentation available at http://localhost:9000/api-docs
2025-08-14 15:26:27 info: 	MongoDB connected successfully
2025-08-14 18:07:30 info: 	Server running on port 9000
2025-08-14 18:07:30 info: 	API documentation available at http://localhost:9000/api-docs
2025-08-14 18:07:30 info: 	MongoDB connected successfully
2025-08-14 19:26:12 info: 	Server running on port 9000
2025-08-14 19:26:12 info: 	API documentation available at http://localhost:9000/api-docs
2025-08-14 19:26:12 info: 	MongoDB connected successfully
2025-08-14 19:27:23 error: 	Authentication error: jwt expired
2025-08-14 19:28:37 error: 	MongoDB connection error: Could not connect to any servers in your MongoDB Atlas cluster. One common reason is that you're trying to access the database from an IP that isn't whitelisted. Make sure your current IP address is on your Atlas cluster's IP whitelist: https://www.mongodb.com/docs/atlas/security-whitelist/
2025-08-14 19:33:34 info: 	Server running on port 9000
2025-08-14 19:33:34 info: 	API documentation available at http://localhost:9000/api-docs
2025-08-14 19:33:34 info: 	MongoDB connected successfully
2025-08-14 19:36:13 info: 	Server running on port 9000
2025-08-14 19:36:13 info: 	API documentation available at http://localhost:9000/api-docs
2025-08-14 19:36:13 info: 	MongoDB connected successfully
2025-08-14 19:39:00 info: 	Server running on port 9000
2025-08-14 19:39:00 info: 	API documentation available at http://localhost:9000/api-docs
2025-08-14 19:39:00 info: 	MongoDB connected successfully
2025-08-14 19:39:28 info: 	Server running on port 9000
2025-08-14 19:39:28 info: 	API documentation available at http://localhost:9000/api-docs
2025-08-14 19:39:28 info: 	MongoDB connected successfully
2025-08-14 19:39:41 info: 	Server running on port 9000
2025-08-14 19:39:41 info: 	API documentation available at http://localhost:9000/api-docs
2025-08-14 19:39:41 info: 	MongoDB connected successfully
2025-08-14 19:40:09 info: 	Server running on port 9000
2025-08-14 19:40:09 info: 	API documentation available at http://localhost:9000/api-docs
2025-08-14 19:40:09 info: 	MongoDB connected successfully
2025-08-14 19:41:46 info: 	Server running on port 9000
2025-08-14 19:41:46 info: 	API documentation available at http://localhost:9000/api-docs
2025-08-14 19:41:46 info: 	MongoDB connected successfully
2025-08-14 19:42:26 info: 	Server running on port 9000
2025-08-14 19:42:26 info: 	API documentation available at http://localhost:9000/api-docs
2025-08-14 19:42:26 info: 	MongoDB connected successfully
2025-08-14 19:42:42 info: 	Server running on port 9000
2025-08-14 19:42:42 info: 	API documentation available at http://localhost:9000/api-docs
2025-08-14 19:42:42 info: 	MongoDB connected successfully
2025-08-14 19:43:06 info: 	Server running on port 9000
2025-08-14 19:43:06 info: 	API documentation available at http://localhost:9000/api-docs
2025-08-14 19:43:06 info: 	MongoDB connected successfully
2025-08-14 19:43:13 info: 	Server running on port 9000
2025-08-14 19:43:13 info: 	API documentation available at http://localhost:9000/api-docs
2025-08-14 19:43:13 info: 	MongoDB connected successfully
2025-08-14 19:44:19 info: 	Server running on port 9000
2025-08-14 19:44:19 info: 	API documentation available at http://localhost:9000/api-docs
2025-08-14 19:44:19 info: 	MongoDB connected successfully
2025-08-14 19:44:30 info: 	Server running on port 9000
2025-08-14 19:44:30 info: 	API documentation available at http://localhost:9000/api-docs
2025-08-14 19:44:30 info: 	MongoDB connected successfully
2025-08-14 19:44:52 info: 	Server running on port 9000
2025-08-14 19:44:52 info: 	API documentation available at http://localhost:9000/api-docs
2025-08-14 19:44:52 info: 	MongoDB connected successfully
2025-08-14 19:46:27 info: 	Server running on port 9000
2025-08-14 19:46:27 info: 	API documentation available at http://localhost:9000/api-docs
2025-08-14 19:46:27 info: 	MongoDB connected successfully
2025-08-14 19:47:32 info: 	Server running on port 9000
2025-08-14 19:47:32 info: 	API documentation available at http://localhost:9000/api-docs
2025-08-14 19:47:32 info: 	MongoDB connected successfully
2025-08-14 19:48:07 info: 	Server running on port 9000
2025-08-14 19:48:07 info: 	API documentation available at http://localhost:9000/api-docs
2025-08-14 19:48:07 info: 	MongoDB connected successfully
2025-08-14 19:48:16 info: 	Server running on port 9000
2025-08-14 19:48:16 info: 	API documentation available at http://localhost:9000/api-docs
2025-08-14 19:48:16 info: 	MongoDB connected successfully
2025-08-14 19:50:28 info: 	Server running on port 9000
2025-08-14 19:50:28 info: 	API documentation available at http://localhost:9000/api-docs
2025-08-14 19:50:28 info: 	MongoDB connected successfully
2025-08-14 19:50:53 info: 	Server running on port 9000
2025-08-14 19:50:53 info: 	API documentation available at http://localhost:9000/api-docs
2025-08-14 19:50:53 info: 	MongoDB connected successfully
2025-08-14 19:51:11 info: 	Server running on port 9000
2025-08-14 19:51:11 info: 	API documentation available at http://localhost:9000/api-docs
2025-08-14 19:51:11 info: 	MongoDB connected successfully
2025-08-14 19:54:56 info: 	Server running on port 9000
2025-08-14 19:54:56 info: 	API documentation available at http://localhost:9000/api-docs
2025-08-14 19:54:56 info: 	MongoDB connected successfully
2025-08-14 19:55:15 error: 	Error getting wallet for user undefined: Wallet not found
2025-08-14 19:55:15 error: 	Get wallet error: Wallet not found
2025-08-14 20:01:40 info: 	Server running on port 9000
2025-08-14 20:01:40 info: 	API documentation available at http://localhost:9000/api-docs
2025-08-14 20:01:40 info: 	MongoDB connected successfully
2025-08-14 20:01:57 info: 	Server running on port 9000
2025-08-14 20:01:57 info: 	API documentation available at http://localhost:9000/api-docs
2025-08-14 20:01:57 info: 	MongoDB connected successfully
2025-08-14 20:02:12 info: 	Server running on port 9000
2025-08-14 20:02:12 info: 	API documentation available at http://localhost:9000/api-docs
2025-08-14 20:02:12 info: 	MongoDB connected successfully
2025-08-14 20:02:29 info: 	Server running on port 9000
2025-08-14 20:02:29 info: 	API documentation available at http://localhost:9000/api-docs
2025-08-14 20:02:29 info: 	MongoDB connected successfully
2025-08-14 20:03:20 error: 	Error getting wallet for user undefined: Wallet not found
2025-08-14 20:03:20 error: 	Get wallet error: Wallet not found
2025-08-14 20:03:55 info: 	Server running on port 9000
2025-08-14 20:03:55 info: 	API documentation available at http://localhost:9000/api-docs
2025-08-14 20:03:55 info: 	MongoDB connected successfully
2025-08-14 20:04:12 info: 	Server running on port 9000
2025-08-14 20:04:12 info: 	API documentation available at http://localhost:9000/api-docs
2025-08-14 20:04:12 info: 	MongoDB connected successfully
2025-08-14 20:04:21 info: 	Server running on port 9000
2025-08-14 20:04:21 info: 	API documentation available at http://localhost:9000/api-docs
2025-08-14 20:04:21 info: 	MongoDB connected successfully
2025-08-14 20:04:45 info: 	Server running on port 9000
2025-08-14 20:04:45 info: 	API documentation available at http://localhost:9000/api-docs
2025-08-14 20:04:45 info: 	MongoDB connected successfully
2025-08-14 20:04:52 info: 	Server running on port 9000
2025-08-14 20:04:52 info: 	API documentation available at http://localhost:9000/api-docs
2025-08-14 20:04:52 info: 	MongoDB connected successfully
2025-08-14 20:05:31 info: 	Server running on port 9000
2025-08-14 20:05:31 info: 	API documentation available at http://localhost:9000/api-docs
2025-08-14 20:05:31 info: 	MongoDB connected successfully
2025-08-14 20:31:22 error: 	MongoDB connection error: Could not connect to any servers in your MongoDB Atlas cluster. One common reason is that you're trying to access the database from an IP that isn't whitelisted. Make sure your current IP address is on your Atlas cluster's IP whitelist: https://www.mongodb.com/docs/atlas/security-whitelist/
2025-08-14 20:34:46 info: 	Server running on port 9000
2025-08-14 20:34:46 info: 	API documentation available at http://localhost:9000/api-docs
2025-08-14 20:34:46 info: 	MongoDB connected successfully
2025-08-14 20:38:56 info: 	Server running on port 9000
2025-08-14 20:38:56 info: 	API documentation available at http://localhost:9000/api-docs
2025-08-14 20:38:56 info: 	MongoDB connected successfully
2025-08-14 20:41:25 info: 	Server running on port 9000
2025-08-14 20:41:25 info: 	API documentation available at http://localhost:9000/api-docs
2025-08-14 20:41:25 info: 	MongoDB connected successfully
2025-08-14 20:41:47 error: 	Error getting transactions for user undefined: Transaction.paginate is not a function
2025-08-14 20:41:47 error: 	Get transactions error: Transaction.paginate is not a function
2025-08-14 20:45:06 info: 	Server running on port 9000
2025-08-14 20:45:06 info: 	API documentation available at http://localhost:9000/api-docs
2025-08-14 20:45:06 info: 	MongoDB connected successfully
2025-08-14 20:46:03 info: 	Server running on port 9000
2025-08-14 20:46:03 info: 	API documentation available at http://localhost:9000/api-docs
2025-08-14 20:46:03 info: 	MongoDB connected successfully
2025-08-14 20:49:47 error: 	Fund wallet error: mongoose is not defined
2025-08-14 20:50:36 info: 	Server running on port 9000
2025-08-14 20:50:36 info: 	API documentation available at http://localhost:9000/api-docs
2025-08-14 20:50:36 info: 	MongoDB connected successfully
2025-08-14 20:51:10 error: 	Error funding wallet for user undefined: Cannot access 'wallet' before initialization
2025-08-14 20:51:10 error: 	Fund wallet error: Cannot access 'wallet' before initialization
2025-08-14 20:53:25 info: 	Server running on port 9000
2025-08-14 20:53:25 info: 	API documentation available at http://localhost:9000/api-docs
2025-08-14 20:53:25 info: 	MongoDB connected successfully
2025-08-14 20:53:33 info: 	Server running on port 9000
2025-08-14 20:53:33 info: 	API documentation available at http://localhost:9000/api-docs
2025-08-14 20:53:33 info: 	MongoDB connected successfully
2025-08-14 20:53:43 info: 	Server running on port 9000
2025-08-14 20:53:43 info: 	API documentation available at http://localhost:9000/api-docs
2025-08-14 20:53:43 info: 	MongoDB connected successfully
2025-08-14 20:53:50 info: 	Server running on port 9000
2025-08-14 20:53:50 info: 	API documentation available at http://localhost:9000/api-docs
2025-08-14 20:53:50 info: 	MongoDB connected successfully
2025-08-14 20:54:01 error: 	Error funding wallet for user undefined: Cannot read properties of null (reading 'balance')
2025-08-14 20:54:01 error: 	Fund wallet error: Cannot read properties of null (reading 'balance')
2025-08-14 20:54:27 info: 	Server running on port 9000
2025-08-14 20:54:27 info: 	API documentation available at http://localhost:9000/api-docs
2025-08-14 20:54:27 info: 	MongoDB connected successfully
2025-08-14 20:55:05 info: 	Server running on port 9000
2025-08-14 20:55:05 info: 	API documentation available at http://localhost:9000/api-docs
2025-08-14 20:55:05 info: 	MongoDB connected successfully
2025-08-14 20:55:24 info: 	Server running on port 9000
2025-08-14 20:55:24 info: 	API documentation available at http://localhost:9000/api-docs
2025-08-14 20:55:24 info: 	MongoDB connected successfully
2025-08-14 20:55:59 info: 	Server running on port 9000
2025-08-14 20:55:59 info: 	API documentation available at http://localhost:9000/api-docs
2025-08-14 20:55:59 info: 	MongoDB connected successfully
2025-08-14 20:56:14 info: 	Server running on port 9000
2025-08-14 20:56:14 info: 	API documentation available at http://localhost:9000/api-docs
2025-08-14 20:56:14 info: 	MongoDB connected successfully
2025-08-14 20:56:43 info: 	Server running on port 9000
2025-08-14 20:56:43 info: 	API documentation available at http://localhost:9000/api-docs
2025-08-14 20:56:43 info: 	MongoDB connected successfully
2025-08-14 20:56:47 error: 	Error funding wallet for user 689e2fd0822e6d82d7199625: Cast to embedded failed for value "{
  transactionId: null,
  amount: undefined,
  balanceBefore: 0,
  balanceAfter: NaN,
  type: 'credit'
}" (type Object) at path "ledger" because of "CastError"
2025-08-14 20:56:47 error: 	Fund wallet error: Cast to embedded failed for value "{
  transactionId: null,
  amount: undefined,
  balanceBefore: 0,
  balanceAfter: NaN,
  type: 'credit'
}" (type Object) at path "ledger" because of "CastError"
2025-08-14 20:58:21 info: 	Server running on port 9000
2025-08-14 20:58:21 info: 	API documentation available at http://localhost:9000/api-docs
2025-08-14 20:58:21 info: 	MongoDB connected successfully
2025-08-14 20:59:29 info: 	Server running on port 9000
2025-08-14 20:59:29 info: 	API documentation available at http://localhost:9000/api-docs
2025-08-14 20:59:29 info: 	MongoDB connected successfully
2025-08-14 20:59:54 error: 	Error funding wallet for user 689e2fd0822e6d82d7199625: Cast to embedded failed for value "{
  transactionId: null,
  amount: undefined,
  balanceBefore: 0,
  balanceAfter: NaN,
  type: 'credit'
}" (type Object) at path "ledger" because of "CastError"
2025-08-14 20:59:54 error: 	Fund wallet error: Cast to embedded failed for value "{
  transactionId: null,
  amount: undefined,
  balanceBefore: 0,
  balanceAfter: NaN,
  type: 'credit'
}" (type Object) at path "ledger" because of "CastError"
2025-08-14 21:00:53 info: 	Server running on port 9000
2025-08-14 21:00:53 info: 	API documentation available at http://localhost:9000/api-docs
2025-08-14 21:00:53 info: 	MongoDB connected successfully
2025-08-14 21:02:53 error: 	Error funding wallet for user 689e2fd0822e6d82d7199625: Cast to embedded failed for value "{
  transactionId: null,
  amount: undefined,
  balanceBefore: 0,
  balanceAfter: NaN,
  type: 'credit'
}" (type Object) at path "ledger" because of "CastError"
2025-08-14 21:02:53 error: 	Fund wallet error: Cast to embedded failed for value "{
  transactionId: null,
  amount: undefined,
  balanceBefore: 0,
  balanceAfter: NaN,
  type: 'credit'
}" (type Object) at path "ledger" because of "CastError"
2025-08-14 21:04:09 info: 	Server running on port 9000
2025-08-14 21:04:09 info: 	API documentation available at http://localhost:9000/api-docs
2025-08-14 21:04:09 info: 	MongoDB connected successfully
2025-08-14 21:05:26 info: 	Server running on port 9000
2025-08-14 21:05:26 info: 	API documentation available at http://localhost:9000/api-docs
2025-08-14 21:05:26 info: 	MongoDB connected successfully
2025-08-14 21:06:08 error: 	Error funding wallet for user 689e2fd0822e6d82d7199625: Cast to embedded failed for value "{
  transactionId: null,
  amount: undefined,
  balanceBefore: 0,
  balanceAfter: NaN,
  type: 'credit'
}" (type Object) at path "ledger" because of "CastError"
2025-08-14 21:06:08 error: 	Fund wallet error: Cast to embedded failed for value "{
  transactionId: null,
  amount: undefined,
  balanceBefore: 0,
  balanceAfter: NaN,
  type: 'credit'
}" (type Object) at path "ledger" because of "CastError"
2025-08-14 21:07:35 info: 	Server running on port 9000
2025-08-14 21:07:35 info: 	API documentation available at http://localhost:9000/api-docs
2025-08-14 21:07:35 info: 	MongoDB connected successfully
2025-08-14 21:07:50 info: 	Server running on port 9000
2025-08-14 21:07:50 info: 	API documentation available at http://localhost:9000/api-docs
2025-08-14 21:07:50 info: 	MongoDB connected successfully
2025-08-14 21:08:05 info: 	Server running on port 9000
2025-08-14 21:08:05 info: 	API documentation available at http://localhost:9000/api-docs
2025-08-14 21:08:05 info: 	MongoDB connected successfully
2025-08-14 21:08:11 error: 	Error funding wallet for user 689e2fd0822e6d82d7199625: Cast to embedded failed for value "{
  transactionId: null,
  amount: undefined,
  balanceBefore: 0,
  balanceAfter: NaN,
  type: 'credit'
}" (type Object) at path "ledger" because of "CastError"
2025-08-14 21:08:11 error: 	Fund wallet error: Cast to embedded failed for value "{
  transactionId: null,
  amount: undefined,
  balanceBefore: 0,
  balanceAfter: NaN,
  type: 'credit'
}" (type Object) at path "ledger" because of "CastError"
2025-08-14 21:10:30 info: 	Server running on port 9000
2025-08-14 21:10:30 info: 	API documentation available at http://localhost:9000/api-docs
2025-08-14 21:10:30 info: 	MongoDB connected successfully
2025-08-14 21:29:05 info: 	Server running on port 9000
2025-08-14 21:29:05 info: 	API documentation available at http://localhost:9000/api-docs
2025-08-14 21:29:05 info: 	MongoDB connected successfully
2025-08-14 21:29:43 error: 	Fund wallet error: "amount" must be a safe number
2025-08-14 21:31:13 error: 	Fund wallet error: Amount cannot exceed 10000000
2025-08-14 21:32:02 info: 	Server running on port 9000
2025-08-14 21:32:02 info: 	API documentation available at http://localhost:9000/api-docs
2025-08-14 21:32:02 info: 	MongoDB connected successfully
2025-08-14 21:35:35 info: 	Server running on port 9000
2025-08-14 21:35:35 info: 	API documentation available at http://localhost:9000/api-docs
2025-08-14 21:35:35 info: 	MongoDB connected successfully
2025-08-14 21:41:00 error: 	MongoDB connection error: querySrv ECONNREFUSED _mongodb._tcp.cluster0.mdnflzl.mongodb.net
2025-08-14 21:41:09 error: 	MongoDB connection error: querySrv ECONNREFUSED _mongodb._tcp.cluster0.mdnflzl.mongodb.net
2025-08-14 21:47:42 error: 	MongoDB connection error: Could not connect to any servers in your MongoDB Atlas cluster. One common reason is that you're trying to access the database from an IP that isn't whitelisted. Make sure your current IP address is on your Atlas cluster's IP whitelist: https://www.mongodb.com/docs/atlas/security-whitelist/
2025-08-14 21:49:19 error: 	MongoDB connection error: Could not connect to any servers in your MongoDB Atlas cluster. One common reason is that you're trying to access the database from an IP that isn't whitelisted. Make sure your current IP address is on your Atlas cluster's IP whitelist: https://www.mongodb.com/docs/atlas/security-whitelist/
2025-08-14 22:03:02 error: 	MongoDB connection error: Could not connect to any servers in your MongoDB Atlas cluster. One common reason is that you're trying to access the database from an IP that isn't whitelisted. Make sure your current IP address is on your Atlas cluster's IP whitelist: https://www.mongodb.com/docs/atlas/security-whitelist/
2025-08-14 22:12:02 info: 	Server running on port 9000
2025-08-14 22:12:02 info: 	API documentation available at http://localhost:9000/api-docs
2025-08-14 22:12:02 info: 	MongoDB connected successfully
2025-08-14 22:15:17 error: 	Error transferring funds from 689e2fd0822e6d82d7199625 to undefined: Receiver wallet not found
2025-08-14 22:15:17 error: 	Transfer funds error: Receiver wallet not found
2025-08-14 22:15:58 info: 	Server running on port 9000
2025-08-14 22:15:58 info: 	API documentation available at http://localhost:9000/api-docs
2025-08-14 22:15:58 info: 	MongoDB connected successfully
2025-08-14 22:16:10 error: 	Error transferring funds from 689e2fd0822e6d82d7199625 to undefined: Receiver wallet not found
2025-08-14 22:16:10 error: 	Transfer funds error: Receiver wallet not found
2025-08-14 22:16:50 info: 	Server running on port 9000
2025-08-14 22:16:50 info: 	API documentation available at http://localhost:9000/api-docs
2025-08-14 22:16:50 info: 	MongoDB connected successfully
2025-08-14 22:17:02 info: 	Server running on port 9000
2025-08-14 22:17:02 info: 	API documentation available at http://localhost:9000/api-docs
2025-08-14 22:17:02 info: 	MongoDB connected successfully
2025-08-14 22:17:11 info: 	Server running on port 9000
2025-08-14 22:17:11 info: 	API documentation available at http://localhost:9000/api-docs
2025-08-14 22:17:11 info: 	MongoDB connected successfully
2025-08-14 22:17:27 info: 	Server running on port 9000
2025-08-14 22:17:27 info: 	API documentation available at http://localhost:9000/api-docs
2025-08-14 22:17:27 info: 	MongoDB connected successfully
2025-08-14 22:18:11 info: 	Server running on port 9000
2025-08-14 22:18:11 info: 	API documentation available at http://localhost:9000/api-docs
2025-08-14 22:18:11 info: 	MongoDB connected successfully
2025-08-14 22:18:16 error: 	Error transferring funds from 689e2fd0822e6d82d7199625 to 689e32e8549793ea39ed5b50: Receiver wallet not found
2025-08-14 22:18:16 error: 	Transfer funds error: Receiver wallet not found
2025-08-14 22:18:48 info: 	Server running on port 9000
2025-08-14 22:18:48 info: 	API documentation available at http://localhost:9000/api-docs
2025-08-14 22:18:48 info: 	MongoDB connected successfully
2025-08-14 22:19:21 info: 	Server running on port 9000
2025-08-14 22:19:21 info: 	API documentation available at http://localhost:9000/api-docs
2025-08-14 22:19:21 info: 	MongoDB connected successfully
2025-08-14 22:20:36 info: 	Server running on port 9000
2025-08-14 22:20:36 info: 	API documentation available at http://localhost:9000/api-docs
2025-08-14 22:20:36 info: 	MongoDB connected successfully
2025-08-14 22:20:42 info: 	Server running on port 9000
2025-08-14 22:20:42 info: 	API documentation available at http://localhost:9000/api-docs
2025-08-14 22:20:42 info: 	MongoDB connected successfully
2025-08-14 22:20:51 info: 	Server running on port 9000
2025-08-14 22:20:51 info: 	API documentation available at http://localhost:9000/api-docs
2025-08-14 22:20:51 info: 	MongoDB connected successfully
2025-08-14 22:21:08 info: 	Server running on port 9000
2025-08-14 22:21:08 info: 	API documentation available at http://localhost:9000/api-docs
2025-08-14 22:21:08 info: 	MongoDB connected successfully
2025-08-14 22:21:19 info: 	Server running on port 9000
2025-08-14 22:21:19 info: 	API documentation available at http://localhost:9000/api-docs
2025-08-14 22:21:19 info: 	MongoDB connected successfully
2025-08-14 22:21:28 info: 	Server running on port 9000
2025-08-14 22:21:28 info: 	API documentation available at http://localhost:9000/api-docs
2025-08-14 22:21:28 info: 	MongoDB connected successfully
2025-08-14 22:22:23 info: 	Server running on port 9000
2025-08-14 22:22:23 info: 	API documentation available at http://localhost:9000/api-docs
2025-08-14 22:22:23 info: 	MongoDB connected successfully
2025-08-14 22:22:29 info: 	Server running on port 9000
2025-08-14 22:22:29 info: 	API documentation available at http://localhost:9000/api-docs
2025-08-14 22:22:29 info: 	MongoDB connected successfully
2025-08-14 22:22:34 info: 	Server running on port 9000
2025-08-14 22:22:34 info: 	API documentation available at http://localhost:9000/api-docs
2025-08-14 22:22:34 info: 	MongoDB connected successfully
2025-08-14 22:22:41 info: 	Server running on port 9000
2025-08-14 22:22:41 info: 	API documentation available at http://localhost:9000/api-docs
2025-08-14 22:22:41 info: 	MongoDB connected successfully
2025-08-14 22:22:46 info: 	Server running on port 9000
2025-08-14 22:22:46 info: 	API documentation available at http://localhost:9000/api-docs
2025-08-14 22:22:46 info: 	MongoDB connected successfully
2025-08-14 22:23:07 info: 	Server running on port 9000
2025-08-14 22:23:07 info: 	API documentation available at http://localhost:9000/api-docs
2025-08-14 22:23:07 info: 	MongoDB connected successfully
2025-08-14 22:23:12 info: 	Server running on port 9000
2025-08-14 22:23:12 info: 	API documentation available at http://localhost:9000/api-docs
2025-08-14 22:23:12 info: 	MongoDB connected successfully
2025-08-14 22:23:29 info: 	Server running on port 9000
2025-08-14 22:23:29 info: 	API documentation available at http://localhost:9000/api-docs
2025-08-14 22:23:29 info: 	MongoDB connected successfully
2025-08-14 22:23:38 info: 	Server running on port 9000
2025-08-14 22:23:38 info: 	API documentation available at http://localhost:9000/api-docs
2025-08-14 22:23:38 info: 	MongoDB connected successfully
2025-08-14 22:23:56 info: 	Server running on port 9000
2025-08-14 22:23:56 info: 	API documentation available at http://localhost:9000/api-docs
2025-08-14 22:23:56 info: 	MongoDB connected successfully
2025-08-14 22:24:14 info: 	Server running on port 9000
2025-08-14 22:24:14 info: 	API documentation available at http://localhost:9000/api-docs
2025-08-14 22:24:14 info: 	MongoDB connected successfully
2025-08-14 22:24:49 info: 	Server running on port 9000
2025-08-14 22:24:49 info: 	API documentation available at http://localhost:9000/api-docs
2025-08-14 22:24:49 info: 	MongoDB connected successfully
2025-08-14 22:25:02 info: 	Server running on port 9000
2025-08-14 22:25:02 info: 	API documentation available at http://localhost:9000/api-docs
2025-08-14 22:25:02 info: 	MongoDB connected successfully
2025-08-14 22:25:23 info: 	Server running on port 9000
2025-08-14 22:25:23 info: 	API documentation available at http://localhost:9000/api-docs
2025-08-14 22:25:23 info: 	MongoDB connected successfully
2025-08-14 22:25:39 info: 	Server running on port 9000
2025-08-14 22:25:39 info: 	API documentation available at http://localhost:9000/api-docs
2025-08-14 22:25:39 info: 	MongoDB connected successfully
2025-08-14 22:25:48 info: 	Server running on port 9000
2025-08-14 22:25:48 info: 	API documentation available at http://localhost:9000/api-docs
2025-08-14 22:25:48 info: 	MongoDB connected successfully
2025-08-14 22:26:04 info: 	Server running on port 9000
2025-08-14 22:26:04 info: 	API documentation available at http://localhost:9000/api-docs
2025-08-14 22:26:04 info: 	MongoDB connected successfully
2025-08-14 22:39:24 info: 	Server running on port 9000
2025-08-14 22:39:24 info: 	API documentation available at http://localhost:9000/api-docs
2025-08-14 22:39:24 info: 	MongoDB connected successfully
2025-08-14 22:41:39 info: 	Server running on port 9000
2025-08-14 22:41:39 info: 	API documentation available at http://localhost:9000/api-docs
2025-08-14 22:41:39 info: 	MongoDB connected successfully
2025-08-14 22:42:30 info: 	Server running on port 9000
2025-08-14 22:42:30 info: 	API documentation available at http://localhost:9000/api-docs
2025-08-14 22:42:30 info: 	MongoDB connected successfully
2025-08-14 22:44:36 info: 	Server running on port 9000
2025-08-14 22:44:36 info: 	API documentation available at http://localhost:9000/api-docs
2025-08-14 22:44:36 info: 	MongoDB connected successfully
2025-08-14 22:48:30 info: 	Server running on port 9000
2025-08-14 22:48:30 info: 	API documentation available at http://localhost:9000/api-docs
2025-08-14 22:48:30 info: 	MongoDB connected successfully
2025-08-14 22:49:30 info: 	Server running on port 9000
2025-08-14 22:49:30 info: 	API documentation available at http://localhost:9000/api-docs
2025-08-14 22:49:30 info: 	MongoDB connected successfully
2025-08-14 22:49:41 info: 	Server running on port 9000
2025-08-14 22:49:41 info: 	API documentation available at http://localhost:9000/api-docs
2025-08-14 22:49:41 info: 	MongoDB connected successfully
2025-08-14 22:52:41 info: 	Server running on port 9000
2025-08-14 22:52:41 info: 	API documentation available at http://localhost:9000/api-docs
2025-08-14 22:52:41 info: 	MongoDB connected successfully
2025-08-14 22:56:44 info: 	Server running on port 9000
2025-08-14 22:56:44 info: 	API documentation available at http://localhost:9000/api-docs
2025-08-14 22:56:44 info: 	MongoDB connected successfully
2025-08-14 22:57:01 info: 	Server running on port 9000
2025-08-14 22:57:01 info: 	API documentation available at http://localhost:9000/api-docs
2025-08-14 22:57:01 info: 	MongoDB connected successfully
2025-08-14 22:58:20 info: 	Server running on port 9000
2025-08-14 22:58:20 info: 	API documentation available at http://localhost:9000/api-docs
2025-08-14 22:58:20 info: 	MongoDB connected successfully
2025-08-14 22:59:09 info: 	Server running on port 9000
2025-08-14 22:59:09 info: 	API documentation available at http://localhost:9000/api-docs
2025-08-14 22:59:09 info: 	MongoDB connected successfully
2025-08-14 22:59:19 error: 	Transfer funds error: validateSendFunds is not defined
2025-08-14 23:00:45 info: 	Server running on port 9000
2025-08-14 23:00:45 info: 	API documentation available at http://localhost:9000/api-docs
2025-08-14 23:00:45 info: 	MongoDB connected successfully
2025-08-14 23:00:52 info: 	Server running on port 9000
2025-08-14 23:00:52 info: 	API documentation available at http://localhost:9000/api-docs
2025-08-14 23:00:52 info: 	MongoDB connected successfully
2025-08-14 23:00:54 error: 	Transfer funds error: Phone number must be a valid phone number
2025-08-14 23:04:35 info: 	Server running on port 9000
2025-08-14 23:04:35 info: 	API documentation available at http://localhost:9000/api-docs
2025-08-14 23:04:35 info: 	MongoDB connected successfully
2025-08-14 23:04:47 info: 	Server running on port 9000
2025-08-14 23:04:47 info: 	API documentation available at http://localhost:9000/api-docs
2025-08-14 23:04:47 info: 	MongoDB connected successfully
2025-08-14 23:04:56 error: 	Transfer funds error: Phone number must be a valid phone number
2025-08-14 23:04:59 error: 	Transfer funds error: Phone number must be a valid phone number
