2025-08-15 10:22:02 info: 	Server running on port 9000
2025-08-15 10:22:02 info: 	API documentation available at http://localhost:9000/api-docs
2025-08-15 10:22:02 info: 	MongoDB connected successfully
2025-08-15 10:23:03 error: 	Transfer funds error: Phone number must be a valid phone number
2025-08-15 10:29:02 info: 	Server running on port 9000
2025-08-15 10:29:02 info: 	API documentation available at http://localhost:9000/api-docs
2025-08-15 10:29:02 info: 	MongoDB connected successfully
2025-08-15 10:36:51 error: 	Error getting wallet for user with phone 90880951224: User not found
2025-08-15 10:36:51 error: 	Transfer funds error: User not found
2025-08-15 10:41:36 info: 	Server running on port 9000
2025-08-15 10:41:36 info: 	API documentation available at http://localhost:9000/api-docs
2025-08-15 10:41:36 info: 	MongoDB connected successfully
2025-08-15 10:41:57 info: 	Server running on port 9000
2025-08-15 10:41:57 info: 	API documentation available at http://localhost:9000/api-docs
2025-08-15 10:41:57 info: 	MongoDB connected successfully
2025-08-15 10:42:16 info: 	Server running on port 9000
2025-08-15 10:42:16 info: 	API documentation available at http://localhost:9000/api-docs
2025-08-15 10:42:16 info: 	MongoDB connected successfully
2025-08-15 10:59:35 info: 	Server running on port 9000
2025-08-15 10:59:35 info: 	API documentation available at http://localhost:9000/api-docs
2025-08-15 10:59:35 info: 	MongoDB connected successfully
2025-08-15 10:59:48 info: 	Server running on port 9000
2025-08-15 10:59:48 info: 	API documentation available at http://localhost:9000/api-docs
2025-08-15 10:59:48 info: 	MongoDB connected successfully
2025-08-15 11:00:08 info: 	Server running on port 9000
2025-08-15 11:00:08 info: 	API documentation available at http://localhost:9000/api-docs
2025-08-15 11:00:08 info: 	MongoDB connected successfully
2025-08-15 11:01:46 info: 	Server running on port 9000
2025-08-15 11:01:46 info: 	API documentation available at http://localhost:9000/api-docs
2025-08-15 11:01:46 info: 	MongoDB connected successfully
2025-08-15 11:02:05 info: 	Server running on port 9000
2025-08-15 11:02:05 info: 	API documentation available at http://localhost:9000/api-docs
2025-08-15 11:02:05 info: 	MongoDB connected successfully
2025-08-15 11:02:14 info: 	Server running on port 9000
2025-08-15 11:02:14 info: 	API documentation available at http://localhost:9000/api-docs
2025-08-15 11:02:14 info: 	MongoDB connected successfully
2025-08-15 11:02:36 info: 	Server running on port 9000
2025-08-15 11:02:36 info: 	API documentation available at http://localhost:9000/api-docs
2025-08-15 11:02:36 info: 	MongoDB connected successfully
2025-08-15 11:02:52 info: 	Server running on port 9000
2025-08-15 11:02:52 info: 	API documentation available at http://localhost:9000/api-docs
2025-08-15 11:02:52 info: 	MongoDB connected successfully
2025-08-15 11:03:20 info: 	Server running on port 9000
2025-08-15 11:03:20 info: 	API documentation available at http://localhost:9000/api-docs
2025-08-15 11:03:20 info: 	MongoDB connected successfully
2025-08-15 11:04:00 info: 	Server running on port 9000
2025-08-15 11:04:00 info: 	API documentation available at http://localhost:9000/api-docs
2025-08-15 11:04:00 info: 	MongoDB connected successfully
2025-08-15 11:04:12 info: 	Server running on port 9000
2025-08-15 11:04:12 info: 	API documentation available at http://localhost:9000/api-docs
2025-08-15 11:04:12 info: 	MongoDB connected successfully
2025-08-15 11:04:38 info: 	Server running on port 9000
2025-08-15 11:04:38 info: 	API documentation available at http://localhost:9000/api-docs
2025-08-15 11:04:38 info: 	MongoDB connected successfully
2025-08-15 11:05:08 info: 	Server running on port 9000
2025-08-15 11:05:08 info: 	API documentation available at http://localhost:9000/api-docs
2025-08-15 11:05:08 info: 	MongoDB connected successfully
2025-08-15 11:32:33 info: 	Server running on port 9000
2025-08-15 11:32:33 info: 	API documentation available at http://localhost:9000/api-docs
2025-08-15 11:32:33 info: 	MongoDB connected successfully
2025-08-15 11:32:41 info: 	Server running on port 9000
2025-08-15 11:32:41 info: 	API documentation available at http://localhost:9000/api-docs
2025-08-15 11:32:41 info: 	MongoDB connected successfully
2025-08-15 11:38:23 info: 	Server running on port 9000
2025-08-15 11:38:23 info: 	API documentation available at http://localhost:9000/api-docs
2025-08-15 11:38:23 info: 	MongoDB connected successfully
2025-08-15 11:43:04 info: 	Server running on port 9000
2025-08-15 11:43:04 info: 	API documentation available at http://localhost:9000/api-docs
2025-08-15 11:43:04 info: 	MongoDB connected successfully
2025-08-15 11:44:43 info: 	Server running on port 9000
2025-08-15 11:44:43 info: 	API documentation available at http://localhost:9000/api-docs
2025-08-15 11:44:43 info: 	MongoDB connected successfully
2025-08-15 11:47:57 error: 	Generate invoice error: "dueDate" must be greater than "now"
2025-08-15 11:49:49 error: 	Generate invoice error: "dueDate" must be greater than "now"
2025-08-15 11:52:13 error: 	Create crowdfunding error: "expiresInDays" must be a number
2025-08-15 11:57:51 info: 	Server running on port 9000
2025-08-15 11:57:51 info: 	API documentation available at http://localhost:9000/api-docs
2025-08-15 11:57:51 info: 	MongoDB connected successfully
2025-08-15 12:01:57 info: 	Server running on port 9000
2025-08-15 12:01:57 info: 	API documentation available at http://localhost:9000/api-docs
2025-08-15 12:01:57 info: 	MongoDB connected successfully
2025-08-15 12:11:56 info: 	Server running on port 9000
2025-08-15 12:11:56 info: 	API documentation available at http://localhost:9000/api-docs
2025-08-15 12:11:56 info: 	MongoDB connected successfully
2025-08-15 12:12:37 error: 	Create split link error: "recipients[0]" must be of type object, "recipients" must contain at least 2 items
2025-08-15 12:22:29 info: 	Server running on port 9000
2025-08-15 12:22:29 info: 	API documentation available at http://localhost:9000/api-docs
2025-08-15 12:22:29 info: 	MongoDB connected successfully
2025-08-15 12:25:10 error: 	Create split link error: "recipients[0]" contains a conflict between exclusive peers [amount, percentage], "recipients[1]" contains a conflict between exclusive peers [amount, percentage]
2025-08-15 12:28:52 info: 	Server running on port 9000
2025-08-15 12:28:52 info: 	API documentation available at http://localhost:9000/api-docs
2025-08-15 12:28:52 info: 	MongoDB connected successfully
2025-08-15 12:29:52 info: 	Server running on port 9000
2025-08-15 12:29:52 info: 	API documentation available at http://localhost:9000/api-docs
2025-08-15 12:29:52 info: 	MongoDB connected successfully
2025-08-15 12:29:56 info: 	Server running on port 9000
2025-08-15 12:29:56 info: 	API documentation available at http://localhost:9000/api-docs
2025-08-15 12:29:56 info: 	MongoDB connected successfully
2025-08-15 12:33:53 info: 	Server running on port 9000
2025-08-15 12:33:53 info: 	API documentation available at http://localhost:9000/api-docs
2025-08-15 12:33:53 info: 	MongoDB connected successfully
2025-08-15 12:34:03 info: 	Server running on port 9000
2025-08-15 12:34:03 info: 	API documentation available at http://localhost:9000/api-docs
2025-08-15 12:34:03 info: 	MongoDB connected successfully
2025-08-15 12:34:20 info: 	Server running on port 9000
2025-08-15 12:34:20 info: 	API documentation available at http://localhost:9000/api-docs
2025-08-15 12:34:20 info: 	MongoDB connected successfully
2025-08-15 12:34:27 info: 	Server running on port 9000
2025-08-15 12:34:27 info: 	API documentation available at http://localhost:9000/api-docs
2025-08-15 12:34:27 info: 	MongoDB connected successfully
2025-08-15 12:34:44 info: 	Server running on port 9000
2025-08-15 12:34:44 info: 	API documentation available at http://localhost:9000/api-docs
2025-08-15 12:34:44 info: 	MongoDB connected successfully
2025-08-15 12:34:48 info: 	Server running on port 9000
2025-08-15 12:34:48 info: 	API documentation available at http://localhost:9000/api-docs
2025-08-15 12:34:48 info: 	MongoDB connected successfully
2025-08-15 12:35:05 info: 	Server running on port 9000
2025-08-15 12:35:05 info: 	API documentation available at http://localhost:9000/api-docs
2025-08-15 12:35:05 info: 	MongoDB connected successfully
2025-08-15 12:42:43 info: 	Server running on port 9000
2025-08-15 12:42:43 info: 	API documentation available at http://localhost:9000/api-docs
2025-08-15 12:42:43 info: 	MongoDB connected successfully
2025-08-15 12:43:06 info: 	Server running on port 9000
2025-08-15 12:43:06 info: 	API documentation available at http://localhost:9000/api-docs
2025-08-15 12:43:06 info: 	MongoDB connected successfully
2025-08-15 12:43:22 info: 	Server running on port 9000
2025-08-15 12:43:22 info: 	API documentation available at http://localhost:9000/api-docs
2025-08-15 12:43:22 info: 	MongoDB connected successfully
2025-08-15 12:43:36 info: 	Server running on port 9000
2025-08-15 12:43:36 info: 	API documentation available at http://localhost:9000/api-docs
2025-08-15 12:43:36 info: 	MongoDB connected successfully
2025-08-15 12:43:41 info: 	Server running on port 9000
2025-08-15 12:43:41 info: 	API documentation available at http://localhost:9000/api-docs
2025-08-15 12:43:41 info: 	MongoDB connected successfully
2025-08-15 12:44:32 info: 	Server running on port 9000
2025-08-15 12:44:32 info: 	API documentation available at http://localhost:9000/api-docs
2025-08-15 12:44:32 info: 	MongoDB connected successfully
2025-08-15 12:44:38 info: 	Server running on port 9000
2025-08-15 12:44:38 info: 	API documentation available at http://localhost:9000/api-docs
2025-08-15 12:44:38 info: 	MongoDB connected successfully
2025-08-15 12:45:19 info: 	Server running on port 9000
2025-08-15 12:45:19 info: 	API documentation available at http://localhost:9000/api-docs
2025-08-15 12:45:19 info: 	MongoDB connected successfully
2025-08-15 12:45:41 info: 	Server running on port 9000
2025-08-15 12:45:41 info: 	API documentation available at http://localhost:9000/api-docs
2025-08-15 12:45:41 info: 	MongoDB connected successfully
2025-08-15 12:45:52 info: 	Server running on port 9000
2025-08-15 12:45:52 info: 	API documentation available at http://localhost:9000/api-docs
2025-08-15 12:45:52 info: 	MongoDB connected successfully
2025-08-15 12:45:57 info: 	Server running on port 9000
2025-08-15 12:45:57 info: 	API documentation available at http://localhost:9000/api-docs
2025-08-15 12:45:57 info: 	MongoDB connected successfully
2025-08-15 12:46:04 info: 	Server running on port 9000
2025-08-15 12:46:04 info: 	API documentation available at http://localhost:9000/api-docs
2025-08-15 12:46:04 info: 	MongoDB connected successfully
2025-08-15 12:46:55 error: 	Get active links error: params is not defined
2025-08-15 12:47:26 info: 	Server running on port 9000
2025-08-15 12:47:26 info: 	API documentation available at http://localhost:9000/api-docs
2025-08-15 12:47:26 info: 	MongoDB connected successfully
2025-08-15 12:47:49 info: 	Server running on port 9000
2025-08-15 12:47:49 info: 	API documentation available at http://localhost:9000/api-docs
2025-08-15 12:47:49 info: 	MongoDB connected successfully
2025-08-15 12:47:56 info: 	Server running on port 9000
2025-08-15 12:47:56 info: 	API documentation available at http://localhost:9000/api-docs
2025-08-15 12:47:56 info: 	MongoDB connected successfully
2025-08-15 12:48:05 info: 	Server running on port 9000
2025-08-15 12:48:05 info: 	API documentation available at http://localhost:9000/api-docs
2025-08-15 12:48:05 info: 	MongoDB connected successfully
2025-08-15 12:48:12 info: 	Server running on port 9000
2025-08-15 12:48:12 info: 	API documentation available at http://localhost:9000/api-docs
2025-08-15 12:48:12 info: 	MongoDB connected successfully
2025-08-15 12:48:23 info: 	Server running on port 9000
2025-08-15 12:48:23 info: 	API documentation available at http://localhost:9000/api-docs
2025-08-15 12:48:23 info: 	MongoDB connected successfully
2025-08-15 12:48:31 info: 	Server running on port 9000
2025-08-15 12:48:31 info: 	API documentation available at http://localhost:9000/api-docs
2025-08-15 12:48:31 info: 	MongoDB connected successfully
2025-08-15 12:48:45 info: 	Server running on port 9000
2025-08-15 12:48:45 info: 	API documentation available at http://localhost:9000/api-docs
2025-08-15 12:48:45 info: 	MongoDB connected successfully
2025-08-15 14:37:58 info: 	Server running on port 9000
2025-08-15 14:37:58 info: 	API documentation available at http://localhost:9000/api-docs
2025-08-15 14:37:58 info: 	MongoDB connected successfully
2025-08-15 14:38:27 info: 	Server running on port 9000
2025-08-15 14:38:27 info: 	API documentation available at http://localhost:9000/api-docs
2025-08-15 14:38:27 info: 	MongoDB connected successfully
2025-08-15 14:39:14 info: 	Server running on port 9000
2025-08-15 14:39:14 info: 	API documentation available at http://localhost:9000/api-docs
2025-08-15 14:39:14 info: 	MongoDB connected successfully
2025-08-15 14:39:29 info: 	Server running on port 9000
2025-08-15 14:39:29 info: 	API documentation available at http://localhost:9000/api-docs
2025-08-15 14:39:29 info: 	MongoDB connected successfully
2025-08-15 14:39:42 info: 	Server running on port 9000
2025-08-15 14:39:42 info: 	API documentation available at http://localhost:9000/api-docs
2025-08-15 14:39:42 info: 	MongoDB connected successfully
2025-08-15 14:39:51 info: 	Server running on port 9000
2025-08-15 14:39:51 info: 	API documentation available at http://localhost:9000/api-docs
2025-08-15 14:39:51 info: 	MongoDB connected successfully
2025-08-15 14:39:59 info: 	Server running on port 9000
2025-08-15 14:39:59 info: 	API documentation available at http://localhost:9000/api-docs
2025-08-15 14:39:59 info: 	MongoDB connected successfully
2025-08-15 15:09:24 error: 	Get user split payments error: splitPaymentService.getSplitPayments is not a function
2025-08-15 15:10:07 info: 	Server running on port 9000
2025-08-15 15:10:07 info: 	API documentation available at http://localhost:9000/api-docs
2025-08-15 15:10:07 info: 	MongoDB connected successfully
2025-08-15 15:10:37 info: 	Server running on port 9000
2025-08-15 15:10:37 info: 	API documentation available at http://localhost:9000/api-docs
2025-08-15 15:10:37 info: 	MongoDB connected successfully
2025-08-15 15:10:49 info: 	Server running on port 9000
2025-08-15 15:10:49 info: 	API documentation available at http://localhost:9000/api-docs
2025-08-15 15:10:49 info: 	MongoDB connected successfully
2025-08-15 15:11:20 error: 	Error getting split payments: SplitPayment.paginate is not a function
2025-08-15 15:11:20 error: 	Get user split payments error: SplitPayment.paginate is not a function
2025-08-15 15:31:01 info: 	Server running on port 9000
2025-08-15 15:31:01 info: 	API documentation available at http://localhost:9000/api-docs
2025-08-15 15:31:01 info: 	MongoDB connected successfully
2025-08-15 15:31:36 info: 	Server running on port 9000
2025-08-15 15:31:36 info: 	API documentation available at http://localhost:9000/api-docs
2025-08-15 15:31:36 info: 	MongoDB connected successfully
2025-08-15 15:39:27 info: 	Server running on port 9000
2025-08-15 15:39:27 info: 	API documentation available at http://localhost:9000/api-docs
2025-08-15 15:39:27 info: 	MongoDB connected successfully
2025-08-15 15:39:32 error: 	Error getting split payments: SplitPayment.paginate is not a function
2025-08-15 15:39:32 error: 	Get user split payments error: Failed to retrieve split payments
2025-08-15 15:41:53 info: 	Server running on port 9000
2025-08-15 15:41:53 info: 	API documentation available at http://localhost:9000/api-docs
2025-08-15 15:41:53 info: 	MongoDB connected successfully
2025-08-15 15:42:08 info: 	Server running on port 9000
2025-08-15 15:42:08 info: 	API documentation available at http://localhost:9000/api-docs
2025-08-15 15:42:08 info: 	MongoDB connected successfully
2025-08-15 15:42:32 info: 	Server running on port 9000
2025-08-15 15:42:32 info: 	API documentation available at http://localhost:9000/api-docs
2025-08-15 15:42:32 info: 	MongoDB connected successfully
2025-08-15 15:47:39 info: 	Server running on port 9000
2025-08-15 15:47:39 info: 	API documentation available at http://localhost:9000/api-docs
2025-08-15 15:47:39 info: 	MongoDB connected successfully
2025-08-15 15:48:27 info: 	Server running on port 9000
2025-08-15 15:48:27 info: 	API documentation available at http://localhost:9000/api-docs
2025-08-15 15:48:27 info: 	MongoDB connected successfully
2025-08-15 15:49:34 info: 	Server running on port 9000
2025-08-15 15:49:34 info: 	API documentation available at http://localhost:9000/api-docs
2025-08-15 15:49:34 info: 	MongoDB connected successfully
2025-08-15 15:49:44 info: 	Server running on port 9000
2025-08-15 15:49:44 info: 	API documentation available at http://localhost:9000/api-docs
2025-08-15 15:49:44 info: 	MongoDB connected successfully
2025-08-15 15:50:09 info: 	Server running on port 9000
2025-08-15 15:50:09 info: 	API documentation available at http://localhost:9000/api-docs
2025-08-15 15:50:09 info: 	MongoDB connected successfully
2025-08-15 15:51:18 info: 	Server running on port 9000
2025-08-15 15:51:18 info: 	API documentation available at http://localhost:9000/api-docs
2025-08-15 15:51:18 info: 	MongoDB connected successfully
2025-08-15 15:52:37 info: 	Server running on port 9000
2025-08-15 15:52:37 info: 	API documentation available at http://localhost:9000/api-docs
2025-08-15 15:52:37 info: 	MongoDB connected successfully
2025-08-15 19:56:05 info: 	Server running on port 9000
2025-08-15 19:56:05 info: 	API documentation available at http://localhost:9000/api-docs
2025-08-15 19:56:05 info: 	MongoDB connected successfully
2025-08-15 20:16:50 info: 	Server running on port 9000
2025-08-15 20:16:50 info: 	API documentation available at http://localhost:9000/api-docs
2025-08-15 20:16:50 info: 	MongoDB connected successfully
2025-08-15 20:20:03 error: 	Authentication error: jwt expired
2025-08-15 20:38:25 info: 	Server running on port 9000
2025-08-15 20:38:25 info: 	API documentation available at http://localhost:9000/api-docs
2025-08-15 20:38:25 info: 	MongoDB connected successfully
2025-08-15 20:43:45 info: 	Server running on port 9000
2025-08-15 20:43:45 info: 	API documentation available at http://localhost:9000/api-docs
2025-08-15 20:43:45 info: 	MongoDB connected successfully
2025-08-15 20:44:32 info: 	Server running on port 9000
2025-08-15 20:44:32 info: 	API documentation available at http://localhost:9000/api-docs
2025-08-15 20:44:32 info: 	MongoDB connected successfully
2025-08-15 20:45:44 error: 	Error locking money jar 689f8936fa0d5d2d4c1fecf7: MoneyJar validation failed: targetAmount: Path `targetAmount` is required.
2025-08-15 20:45:44 error: 	Lock money jar error: MoneyJar validation failed: targetAmount: Path `targetAmount` is required.
2025-08-15 20:46:54 info: 	Server running on port 9000
2025-08-15 20:46:54 info: 	API documentation available at http://localhost:9000/api-docs
2025-08-15 20:46:54 info: 	MongoDB connected successfully
2025-08-15 20:47:17 info: 	Server running on port 9000
2025-08-15 20:47:17 info: 	API documentation available at http://localhost:9000/api-docs
2025-08-15 20:47:17 info: 	MongoDB connected successfully
2025-08-15 20:48:16 error: 	Error funding money jar 689f8ecf361b4644fa2b50c7: Wallet validation failed: ledger.2.transactionId: Path `transactionId` is required.
2025-08-15 20:48:16 error: 	Fund money jar error: Wallet validation failed: ledger.2.transactionId: Path `transactionId` is required.
2025-08-15 20:49:10 error: 	Error unlocking money jar 689f8ecf361b4644fa2b50c7: Money jar is not locked
2025-08-15 20:49:10 error: 	Unlock money jar error: Money jar is not locked
2025-08-15 20:50:19 error: 	Error unlocking money jar 689f8936fa0d5d2d4c1fecf7: Pro tier required to unlock money jars
2025-08-15 20:50:19 error: 	Unlock money jar error: Pro tier required to unlock money jars
2025-08-15 20:51:28 info: 	Server running on port 9000
2025-08-15 20:51:28 info: 	API documentation available at http://localhost:9000/api-docs
2025-08-15 20:51:28 info: 	MongoDB connected successfully
2025-08-15 20:52:02 info: 	Server running on port 9000
2025-08-15 20:52:02 info: 	API documentation available at http://localhost:9000/api-docs
2025-08-15 20:52:02 info: 	MongoDB connected successfully
2025-08-15 20:52:08 error: 	Error funding money jar 689f8ecf361b4644fa2b50c7: Wallet validation failed: ledger.2.transactionId: Path `transactionId` is required.
2025-08-15 20:52:08 error: 	Fund money jar error: Wallet validation failed: ledger.2.transactionId: Path `transactionId` is required.
2025-08-15 20:53:28 info: 	Server running on port 9000
2025-08-15 20:53:28 info: 	API documentation available at http://localhost:9000/api-docs
2025-08-15 20:53:28 info: 	MongoDB connected successfully
2025-08-15 20:53:36 error: 	Error funding money jar 689f8ecf361b4644fa2b50c7: Wallet validation failed: ledger.2.transactionId: Path `transactionId` is required.
2025-08-15 20:53:36 error: 	Fund money jar error: Wallet validation failed: ledger.2.transactionId: Path `transactionId` is required.
2025-08-15 20:55:11 info: 	Server running on port 9000
2025-08-15 20:55:11 info: 	API documentation available at http://localhost:9000/api-docs
2025-08-15 20:55:11 info: 	MongoDB connected successfully
2025-08-15 21:04:30 info: 	Server running on port 9000
2025-08-15 21:04:30 info: 	API documentation available at http://localhost:9000/api-docs
2025-08-15 21:04:30 info: 	MongoDB connected successfully
2025-08-15 21:05:31 error: 	Error funding money jar 689f8ecf361b4644fa2b50c7: Wallet validation failed: ledger.2.transactionId: Path `transactionId` is required.
2025-08-15 21:05:31 error: 	Fund money jar error: Wallet validation failed: ledger.2.transactionId: Path `transactionId` is required.
2025-08-15 21:14:12 info: 	Server running on port 9000
2025-08-15 21:14:12 info: 	API documentation available at http://localhost:9000/api-docs
2025-08-15 21:14:12 info: 	MongoDB connected successfully
2025-08-15 21:14:20 error: 	Error funding money jar 689f8ecf361b4644fa2b50c7: Transaction validation failed: type: `jar_funding` is not a valid enum value for path `type`.
2025-08-15 21:14:20 error: 	Fund money jar error: Transaction validation failed: type: `jar_funding` is not a valid enum value for path `type`.
2025-08-15 21:15:14 info: 	Server running on port 9000
2025-08-15 21:15:14 info: 	API documentation available at http://localhost:9000/api-docs
2025-08-15 21:15:14 info: 	MongoDB connected successfully
2025-08-15 21:15:58 error: 	Error withdrawing from money jar 689f8936fa0d5d2d4c1fecf7: Insufficient funds in money jar
2025-08-15 21:15:58 error: 	Withdraw from money jar error: Insufficient funds in money jar
2025-08-15 21:16:32 error: 	Error withdrawing from money jar 689f8936fa0d5d2d4c1fecf7: Insufficient funds in money jar
2025-08-15 21:16:32 error: 	Withdraw from money jar error: Insufficient funds in money jar
2025-08-15 21:16:41 error: 	Error withdrawing from money jar 689f8936fa0d5d2d4c1fecf7: Insufficient funds in money jar
2025-08-15 21:16:41 error: 	Withdraw from money jar error: Insufficient funds in money jar
2025-08-15 21:18:34 info: 	Server running on port 9000
2025-08-15 21:18:34 info: 	API documentation available at http://localhost:9000/api-docs
2025-08-15 21:18:34 info: 	MongoDB connected successfully
2025-08-15 21:18:48 error: 	Error withdrawing from money jar 689f8936fa0d5d2d4c1fecf7: Insufficient funds in money jar
2025-08-15 21:18:48 error: 	Withdraw from money jar error: Insufficient funds in money jar
2025-08-15 21:20:51 error: 	MongoDB connection error: querySrv ETIMEOUT _mongodb._tcp.cluster0.mdnflzl.mongodb.net
2025-08-15 21:23:47 error: 	MongoDB connection error: querySrv ECONNREFUSED _mongodb._tcp.cluster0.mdnflzl.mongodb.net
2025-08-15 21:26:18 info: 	Server running on port 9000
2025-08-15 21:26:18 info: 	API documentation available at http://localhost:9000/api-docs
2025-08-15 21:26:18 info: 	MongoDB connected successfully
2025-08-15 21:26:44 info: 	Server running on port 9000
2025-08-15 21:26:44 info: 	API documentation available at http://localhost:9000/api-docs
2025-08-15 21:26:44 info: 	MongoDB connected successfully
2025-08-15 21:27:31 info: 	Server running on port 9000
2025-08-15 21:27:31 info: 	API documentation available at http://localhost:9000/api-docs
2025-08-15 21:27:31 info: 	MongoDB connected successfully
2025-08-15 21:29:16 info: 	Server running on port 9000
2025-08-15 21:29:16 info: 	API documentation available at http://localhost:9000/api-docs
2025-08-15 21:29:16 info: 	MongoDB connected successfully
2025-08-15 21:29:40 error: 	Error withdrawing from money jar 689f8ecf361b4644fa2b50c7: Cannot access 'amountAfterPenalty' before initialization
2025-08-15 21:29:40 error: 	Withdraw from money jar error: Cannot access 'amountAfterPenalty' before initialization
2025-08-15 21:30:28 info: 	Server running on port 9000
2025-08-15 21:30:28 info: 	API documentation available at http://localhost:9000/api-docs
2025-08-15 21:30:28 info: 	MongoDB connected successfully
2025-08-15 21:32:48 info: 	Server running on port 9000
2025-08-15 21:32:48 info: 	API documentation available at http://localhost:9000/api-docs
2025-08-15 21:32:48 info: 	MongoDB connected successfully
2025-08-15 21:33:17 error: 	Error withdrawing from money jar 689f8ecf361b4644fa2b50c7: Transaction validation failed: type: `jar_withdrawal` is not a valid enum value for path `type`.
2025-08-15 21:33:17 error: 	Withdraw from money jar error: Transaction validation failed: type: `jar_withdrawal` is not a valid enum value for path `type`.
2025-08-15 21:33:48 info: 	Server running on port 9000
2025-08-15 21:33:48 info: 	API documentation available at http://localhost:9000/api-docs
2025-08-15 21:33:48 info: 	MongoDB connected successfully
2025-08-15 21:36:58 info: 	Server running on port 9000
2025-08-15 21:36:58 info: 	API documentation available at http://localhost:9000/api-docs
2025-08-15 21:36:58 info: 	MongoDB connected successfully
2025-08-15 21:37:30 info: 	Server running on port 9000
2025-08-15 21:37:30 info: 	API documentation available at http://localhost:9000/api-docs
2025-08-15 21:37:30 info: 	MongoDB connected successfully
2025-08-15 21:37:40 info: 	Server running on port 9000
2025-08-15 21:37:40 info: 	API documentation available at http://localhost:9000/api-docs
2025-08-15 21:37:40 info: 	MongoDB connected successfully
2025-08-15 21:39:25 info: 	Server running on port 9000
2025-08-15 21:39:25 info: 	API documentation available at http://localhost:9000/api-docs
2025-08-15 21:39:25 info: 	MongoDB connected successfully
2025-08-15 21:40:14 info: 	Server running on port 9000
2025-08-15 21:40:14 info: 	API documentation available at http://localhost:9000/api-docs
2025-08-15 21:40:14 info: 	MongoDB connected successfully
2025-08-15 21:41:07 info: 	Server running on port 9000
2025-08-15 21:41:07 info: 	API documentation available at http://localhost:9000/api-docs
2025-08-15 21:41:07 info: 	MongoDB connected successfully
2025-08-15 21:41:37 info: 	Server running on port 9000
2025-08-15 21:41:37 info: 	API documentation available at http://localhost:9000/api-docs
2025-08-15 21:41:37 info: 	MongoDB connected successfully
2025-08-15 21:45:14 error: 	MongoDB connection error: Server selection timed out after 30000 ms
2025-08-15 21:49:02 info: 	Server running on port 9000
2025-08-15 21:49:02 info: 	API documentation available at http://localhost:9000/api-docs
2025-08-15 21:49:02 info: 	MongoDB connected successfully
2025-08-15 21:49:26 info: 	Server running on port 9000
2025-08-15 21:49:26 info: 	API documentation available at http://localhost:9000/api-docs
2025-08-15 21:49:26 info: 	MongoDB connected successfully
2025-08-15 21:51:11 info: 	Server running on port 9000
2025-08-15 21:51:11 info: 	API documentation available at http://localhost:9000/api-docs
2025-08-15 21:51:11 info: 	MongoDB connected successfully
2025-08-15 21:51:18 info: 	Server running on port 9000
2025-08-15 21:51:18 info: 	API documentation available at http://localhost:9000/api-docs
2025-08-15 21:51:18 info: 	MongoDB connected successfully
2025-08-15 21:51:37 info: 	Server running on port 9000
2025-08-15 21:51:37 info: 	API documentation available at http://localhost:9000/api-docs
2025-08-15 21:51:37 info: 	MongoDB connected successfully
2025-08-15 21:51:54 info: 	Server running on port 9000
2025-08-15 21:51:54 info: 	API documentation available at http://localhost:9000/api-docs
2025-08-15 21:51:54 info: 	MongoDB connected successfully
2025-08-15 21:52:05 info: 	Server running on port 9000
2025-08-15 21:52:05 info: 	API documentation available at http://localhost:9000/api-docs
2025-08-15 21:52:05 info: 	MongoDB connected successfully
2025-08-15 22:03:55 info: 	Server running on port 9000
2025-08-15 22:03:55 info: 	API documentation available at http://localhost:9000/api-docs
2025-08-15 22:03:55 info: 	MongoDB connected successfully
2025-08-15 22:06:03 info: 	Server running on port 9000
2025-08-15 22:06:03 info: 	API documentation available at http://localhost:9000/api-docs
2025-08-15 22:06:03 info: 	MongoDB connected successfully
2025-08-15 22:48:57 info: 	Server running on port 9000
2025-08-15 22:48:57 info: 	API documentation available at http://localhost:9000/api-docs
2025-08-15 22:48:57 info: 	MongoDB connected successfully
