2025-08-14 19:27:23 error: 	Authentication error: jwt expired
2025-08-14 19:28:37 error: 	MongoDB connection error: Could not connect to any servers in your MongoDB Atlas cluster. One common reason is that you're trying to access the database from an IP that isn't whitelisted. Make sure your current IP address is on your Atlas cluster's IP whitelist: https://www.mongodb.com/docs/atlas/security-whitelist/
2025-08-14 19:55:15 error: 	Error getting wallet for user undefined: Wallet not found
2025-08-14 19:55:15 error: 	Get wallet error: Wallet not found
2025-08-14 20:03:20 error: 	Error getting wallet for user undefined: Wallet not found
2025-08-14 20:03:20 error: 	Get wallet error: Wallet not found
2025-08-14 20:31:22 error: 	MongoDB connection error: Could not connect to any servers in your MongoDB Atlas cluster. One common reason is that you're trying to access the database from an IP that isn't whitelisted. Make sure your current IP address is on your Atlas cluster's IP whitelist: https://www.mongodb.com/docs/atlas/security-whitelist/
2025-08-14 20:41:47 error: 	Error getting transactions for user undefined: Transaction.paginate is not a function
2025-08-14 20:41:47 error: 	Get transactions error: Transaction.paginate is not a function
2025-08-14 20:49:47 error: 	Fund wallet error: mongoose is not defined
2025-08-14 20:51:10 error: 	Error funding wallet for user undefined: Cannot access 'wallet' before initialization
2025-08-14 20:51:10 error: 	Fund wallet error: Cannot access 'wallet' before initialization
2025-08-14 20:54:01 error: 	Error funding wallet for user undefined: Cannot read properties of null (reading 'balance')
2025-08-14 20:54:01 error: 	Fund wallet error: Cannot read properties of null (reading 'balance')
2025-08-14 20:56:47 error: 	Error funding wallet for user 689e2fd0822e6d82d7199625: Cast to embedded failed for value "{
  transactionId: null,
  amount: undefined,
  balanceBefore: 0,
  balanceAfter: NaN,
  type: 'credit'
}" (type Object) at path "ledger" because of "CastError"
2025-08-14 20:56:47 error: 	Fund wallet error: Cast to embedded failed for value "{
  transactionId: null,
  amount: undefined,
  balanceBefore: 0,
  balanceAfter: NaN,
  type: 'credit'
}" (type Object) at path "ledger" because of "CastError"
2025-08-14 20:59:54 error: 	Error funding wallet for user 689e2fd0822e6d82d7199625: Cast to embedded failed for value "{
  transactionId: null,
  amount: undefined,
  balanceBefore: 0,
  balanceAfter: NaN,
  type: 'credit'
}" (type Object) at path "ledger" because of "CastError"
2025-08-14 20:59:54 error: 	Fund wallet error: Cast to embedded failed for value "{
  transactionId: null,
  amount: undefined,
  balanceBefore: 0,
  balanceAfter: NaN,
  type: 'credit'
}" (type Object) at path "ledger" because of "CastError"
2025-08-14 21:02:53 error: 	Error funding wallet for user 689e2fd0822e6d82d7199625: Cast to embedded failed for value "{
  transactionId: null,
  amount: undefined,
  balanceBefore: 0,
  balanceAfter: NaN,
  type: 'credit'
}" (type Object) at path "ledger" because of "CastError"
2025-08-14 21:02:53 error: 	Fund wallet error: Cast to embedded failed for value "{
  transactionId: null,
  amount: undefined,
  balanceBefore: 0,
  balanceAfter: NaN,
  type: 'credit'
}" (type Object) at path "ledger" because of "CastError"
2025-08-14 21:06:08 error: 	Error funding wallet for user 689e2fd0822e6d82d7199625: Cast to embedded failed for value "{
  transactionId: null,
  amount: undefined,
  balanceBefore: 0,
  balanceAfter: NaN,
  type: 'credit'
}" (type Object) at path "ledger" because of "CastError"
2025-08-14 21:06:08 error: 	Fund wallet error: Cast to embedded failed for value "{
  transactionId: null,
  amount: undefined,
  balanceBefore: 0,
  balanceAfter: NaN,
  type: 'credit'
}" (type Object) at path "ledger" because of "CastError"
2025-08-14 21:08:11 error: 	Error funding wallet for user 689e2fd0822e6d82d7199625: Cast to embedded failed for value "{
  transactionId: null,
  amount: undefined,
  balanceBefore: 0,
  balanceAfter: NaN,
  type: 'credit'
}" (type Object) at path "ledger" because of "CastError"
2025-08-14 21:08:11 error: 	Fund wallet error: Cast to embedded failed for value "{
  transactionId: null,
  amount: undefined,
  balanceBefore: 0,
  balanceAfter: NaN,
  type: 'credit'
}" (type Object) at path "ledger" because of "CastError"
2025-08-14 21:29:43 error: 	Fund wallet error: "amount" must be a safe number
2025-08-14 21:31:13 error: 	Fund wallet error: Amount cannot exceed 10000000
2025-08-14 21:41:00 error: 	MongoDB connection error: querySrv ECONNREFUSED _mongodb._tcp.cluster0.mdnflzl.mongodb.net
2025-08-14 21:41:09 error: 	MongoDB connection error: querySrv ECONNREFUSED _mongodb._tcp.cluster0.mdnflzl.mongodb.net
2025-08-14 21:47:42 error: 	MongoDB connection error: Could not connect to any servers in your MongoDB Atlas cluster. One common reason is that you're trying to access the database from an IP that isn't whitelisted. Make sure your current IP address is on your Atlas cluster's IP whitelist: https://www.mongodb.com/docs/atlas/security-whitelist/
2025-08-14 21:49:19 error: 	MongoDB connection error: Could not connect to any servers in your MongoDB Atlas cluster. One common reason is that you're trying to access the database from an IP that isn't whitelisted. Make sure your current IP address is on your Atlas cluster's IP whitelist: https://www.mongodb.com/docs/atlas/security-whitelist/
2025-08-14 22:03:02 error: 	MongoDB connection error: Could not connect to any servers in your MongoDB Atlas cluster. One common reason is that you're trying to access the database from an IP that isn't whitelisted. Make sure your current IP address is on your Atlas cluster's IP whitelist: https://www.mongodb.com/docs/atlas/security-whitelist/
2025-08-14 22:15:17 error: 	Error transferring funds from 689e2fd0822e6d82d7199625 to undefined: Receiver wallet not found
2025-08-14 22:15:17 error: 	Transfer funds error: Receiver wallet not found
2025-08-14 22:16:10 error: 	Error transferring funds from 689e2fd0822e6d82d7199625 to undefined: Receiver wallet not found
2025-08-14 22:16:10 error: 	Transfer funds error: Receiver wallet not found
2025-08-14 22:18:16 error: 	Error transferring funds from 689e2fd0822e6d82d7199625 to 689e32e8549793ea39ed5b50: Receiver wallet not found
2025-08-14 22:18:16 error: 	Transfer funds error: Receiver wallet not found
2025-08-14 22:59:19 error: 	Transfer funds error: validateSendFunds is not defined
2025-08-14 23:00:54 error: 	Transfer funds error: Phone number must be a valid phone number
2025-08-14 23:04:56 error: 	Transfer funds error: Phone number must be a valid phone number
2025-08-14 23:04:59 error: 	Transfer funds error: Phone number must be a valid phone number
