2025-08-21 14:00:16 error: 	Create escrow error: "expiresInDays" must be a number
2025-08-21 14:00:26 error: 	Error creating escrow for user 689e2fd0822e6d82d7199625: Wallet validation failed: ledger.4.transactionId: Path `transactionId` is required.
2025-08-21 14:00:26 error: 	Create escrow error: Wallet validation failed: ledger.4.transactionId: Path `transactionId` is required.
2025-08-21 14:16:39 error: 	Error creating escrow for user 689e2fd0822e6d82d7199625: Transaction validation failed: receiverId: Path `receiverId` is required.
2025-08-21 14:16:39 error: 	Create escrow error: Transaction validation failed: receiverId: Path `receiverId` is required.
2025-08-21 14:40:26 error: 	Error getting split payments for user undefined: Cannot populate path `creatorId` because it is not in your schema. Set the `strictPopulate` option to false to override.
2025-08-21 14:40:26 error: 	Get user escrows error: Cannot populate path `creatorId` because it is not in your schema. Set the `strictPopulate` option to false to override.
2025-08-21 14:41:47 error: 	Error getting split payments for user undefined: Cannot populate path `creatorId` because it is not in your schema. Set the `strictPopulate` option to false to override.
2025-08-21 14:41:47 error: 	Get user escrows error: Cannot populate path `creatorId` because it is not in your schema. Set the `strictPopulate` option to false to override.
2025-08-21 14:42:36 error: 	Error getting split payments for user undefined: Cannot populate path `recipients.userId` because it is not in your schema. Set the `strictPopulate` option to false to override.
2025-08-21 14:42:36 error: 	Get user escrows error: Cannot populate path `recipients.userId` because it is not in your schema. Set the `strictPopulate` option to false to override.
2025-08-21 14:45:34 error: 	Error releasing escrow 68a71c67cc0c7dcafd450bae: Receiver wallet not found!
2025-08-21 14:45:34 error: 	Release escrow error: Receiver wallet not found!
2025-08-21 14:49:45 error: 	Error releasing escrow 68a71c67cc0c7dcafd450bae: Wallet validation failed: ledger.1.transactionId: Path `transactionId` is required.
2025-08-21 14:49:45 error: 	Release escrow error: Wallet validation failed: ledger.1.transactionId: Path `transactionId` is required.
2025-08-21 14:51:39 error: 	Error releasing escrow 68a71c67cc0c7dcafd450bae: Cannot read properties of undefined (reading 'amount')
2025-08-21 14:51:39 error: 	Release escrow error: Cannot read properties of undefined (reading 'amount')
2025-08-21 14:52:44 error: 	Error releasing escrow 68a71c67cc0c7dcafd450bae: Cannot read properties of undefined (reading 'receiverId')
2025-08-21 14:52:44 error: 	Release escrow error: Cannot read properties of undefined (reading 'receiverId')
2025-08-21 14:56:53 error: 	Error releasing escrow 68a71c67cc0c7dcafd450bae: Wallet validation failed: ledger.1.transactionId: Path `transactionId` is required.
2025-08-21 14:56:53 error: 	Release escrow error: Wallet validation failed: ledger.1.transactionId: Path `transactionId` is required.
2025-08-21 14:58:59 error: 	Error releasing escrow 68a71c67cc0c7dcafd450bae: Wallet validation failed: ledger.1.transactionId: Path `transactionId` is required.
2025-08-21 14:58:59 error: 	Release escrow error: Wallet validation failed: ledger.1.transactionId: Path `transactionId` is required.
2025-08-21 15:01:09 error: 	Transfer funds error: Cannot destructure property 'phone' of 'validateSendFunds(...)' as it is undefined.
2025-08-21 15:09:28 error: 	Error raising dispute for escrow 68a71c67cc0c7dcafd450bae: Cannot dispute escrow in completed status
2025-08-21 15:09:28 error: 	Raise dispute error: Cannot dispute escrow in completed status
2025-08-21 15:15:06 error: 	Create escrow error: "expiresInDays" must be a number
2025-08-21 15:15:34 error: 	Error creating escrow for user 689e2fd0822e6d82d7199625: Insufficient balance
2025-08-21 15:15:34 error: 	Create escrow error: Insufficient balance
2025-08-21 15:15:54 error: 	Error creating escrow for user 689e2fd0822e6d82d7199625: Cannot access 'escrow' before initialization
2025-08-21 15:15:54 error: 	Create escrow error: Cannot access 'escrow' before initialization
2025-08-21 15:18:30 error: 	Error creating escrow for user 689e2fd0822e6d82d7199625: Cannot access 'escrow' before initialization
2025-08-21 15:18:30 error: 	Create escrow error: Cannot access 'escrow' before initialization
2025-08-21 15:24:56 error: 	Transfer funds error: Cannot destructure property 'phone' of 'validateSendFunds(...)' as it is undefined.
2025-08-21 15:38:12 error: 	Get user escrows error: Converting circular structure to JSON
    --> starting at object with constructor 'MongoClient'
    |     property 's' -> object with constructor 'Object'
    |     property 'sessionPool' -> object with constructor 'ServerSessionPool'
    --- property 'client' closes the circle
2025-08-21 15:38:20 error: 	Get user escrows error: Converting circular structure to JSON
    --> starting at object with constructor 'MongoClient'
    |     property 's' -> object with constructor 'Object'
    |     property 'sessionPool' -> object with constructor 'ServerSessionPool'
    --- property 'client' closes the circle
2025-08-21 15:39:52 error: 	Get escrow error: Converting circular structure to JSON
    --> starting at object with constructor 'MongoClient'
    |     property 's' -> object with constructor 'Object'
    |     property 'sessionPool' -> object with constructor 'ServerSessionPool'
    --- property 'client' closes the circle
2025-08-21 15:40:11 error: 	Get escrow error: Converting circular structure to JSON
    --> starting at object with constructor 'MongoClient'
    |     property 's' -> object with constructor 'Object'
    |     property 'sessionPool' -> object with constructor 'ServerSessionPool'
    --- property 'client' closes the circle
2025-08-21 15:41:39 error: 	Error getting escrow with id 68a71c67cc0c7dcafd450bae: session is not defined
2025-08-21 15:41:39 error: 	Get escrow error: session is not defined
2025-08-21 15:46:06 error: 	Error getting money jar with id {jarId}: Cast to ObjectId failed for value "{jarId}" (type string) at path "_id" for model "MoneyJar"
2025-08-21 15:46:06 error: 	Get money jar error: Cast to ObjectId failed for value "{jarId}" (type string) at path "_id" for model "MoneyJar"
2025-08-21 15:47:06 error: 	Error getting money jar with id {jarId}: Cast to ObjectId failed for value "{jarId}" (type string) at path "_id" for model "MoneyJar"
2025-08-21 15:47:06 error: 	Get money jar error: Cast to ObjectId failed for value "{jarId}" (type string) at path "_id" for model "MoneyJar"
2025-08-21 15:47:50 error: 	Error getting money jar with id 68a73121117c2d39557012f6: Cannot populate path `creatorId` because it is not in your schema. Set the `strictPopulate` option to false to override.
2025-08-21 15:47:50 error: 	Get money jar error: Cannot populate path `creatorId` because it is not in your schema. Set the `strictPopulate` option to false to override.
2025-08-21 15:51:13 error: 	Get money jar error: moneyJarService.getMoneyJar(...).populate is not a function
2025-08-21 15:51:13 error: 	Error getting money jar with id 68a73121117c2d39557012f6: Cannot populate path `creatorId` because it is not in your schema. Set the `strictPopulate` option to false to override.
2025-08-21 15:51:13 error: 	unhandledRejection: Cannot populate path `creatorId` because it is not in your schema. Set the `strictPopulate` option to false to override.
StrictPopulateError: Cannot populate path `creatorId` because it is not in your schema. Set the `strictPopulate` option to false to override.
    at getModelsMapForPopulate (/Users/macbookpro/Desktop/projects/grymey/node_modules/mongoose/lib/helpers/populate/getModelsMapForPopulate.js:50:12)
    at _populatePath (/Users/macbookpro/Desktop/projects/grymey/node_modules/mongoose/lib/model.js:4469:21)
    at Function.populate (/Users/macbookpro/Desktop/projects/grymey/node_modules/mongoose/lib/model.js:4436:21)
    at /Users/macbookpro/Desktop/projects/grymey/node_modules/mongoose/lib/query.js:2631:11
    at _init (/Users/macbookpro/Desktop/projects/grymey/node_modules/mongoose/lib/query.js:3307:5)
    at Document.init (/Users/macbookpro/Desktop/projects/grymey/node_modules/mongoose/lib/document.js:654:5)
    at Document.$init (/Users/macbookpro/Desktop/projects/grymey/node_modules/mongoose/lib/document.js:667:42)
    at Object.createModelAndInit (/Users/macbookpro/Desktop/projects/grymey/node_modules/mongoose/lib/queryHelpers.js:119:12)
    at completeOne (/Users/macbookpro/Desktop/projects/grymey/node_modules/mongoose/lib/query.js:3285:11)
    at Query._completeOne (/Users/macbookpro/Desktop/projects/grymey/node_modules/mongoose/lib/query.js:2627:3)
2025-08-21 15:52:09 error: 	Get money jar error: moneyJarService.getMoneyJar(...).populate is not a function
2025-08-21 15:52:10 error: 	Error getting money jar with id 68a73121117c2d39557012f6: Cannot populate path `creatorId` because it is not in your schema. Set the `strictPopulate` option to false to override.
2025-08-21 15:52:10 error: 	unhandledRejection: Cannot populate path `creatorId` because it is not in your schema. Set the `strictPopulate` option to false to override.
StrictPopulateError: Cannot populate path `creatorId` because it is not in your schema. Set the `strictPopulate` option to false to override.
    at getModelsMapForPopulate (/Users/macbookpro/Desktop/projects/grymey/node_modules/mongoose/lib/helpers/populate/getModelsMapForPopulate.js:50:12)
    at _populatePath (/Users/macbookpro/Desktop/projects/grymey/node_modules/mongoose/lib/model.js:4469:21)
    at Function.populate (/Users/macbookpro/Desktop/projects/grymey/node_modules/mongoose/lib/model.js:4436:21)
    at /Users/macbookpro/Desktop/projects/grymey/node_modules/mongoose/lib/query.js:2631:11
    at _init (/Users/macbookpro/Desktop/projects/grymey/node_modules/mongoose/lib/query.js:3307:5)
    at Document.init (/Users/macbookpro/Desktop/projects/grymey/node_modules/mongoose/lib/document.js:654:5)
    at Document.$init (/Users/macbookpro/Desktop/projects/grymey/node_modules/mongoose/lib/document.js:667:42)
    at Object.createModelAndInit (/Users/macbookpro/Desktop/projects/grymey/node_modules/mongoose/lib/queryHelpers.js:119:12)
    at completeOne (/Users/macbookpro/Desktop/projects/grymey/node_modules/mongoose/lib/query.js:3285:11)
    at Query._completeOne (/Users/macbookpro/Desktop/projects/grymey/node_modules/mongoose/lib/query.js:2627:3)
2025-08-21 15:52:41 error: 	Error getting money jar with id 68a73121117c2d39557012f6: Cannot populate path `userID` because it is not in your schema. Set the `strictPopulate` option to false to override.
2025-08-21 15:52:41 error: 	Get money jar error: Cannot populate path `userID` because it is not in your schema. Set the `strictPopulate` option to false to override.
2025-08-21 15:54:14 error: 	Error locking money jar 68a73121117c2d39557012f6: Money jar is already locked
2025-08-21 15:54:14 error: 	Lock money jar error: Money jar is already locked
2025-08-21 15:54:23 error: 	Error unlocking money jar 68a73121117c2d39557012f6: Pro tier required to unlock money jars
2025-08-21 15:54:23 error: 	Unlock money jar error: Pro tier required to unlock money jars
2025-08-21 15:54:28 error: 	Error unlocking money jar 68a73121117c2d39557012f6: Pro tier required to unlock money jars
2025-08-21 15:54:28 error: 	Unlock money jar error: Pro tier required to unlock money jars
2025-08-21 20:15:21 error: 	MongoDB connection error: Could not connect to any servers in your MongoDB Atlas cluster. One common reason is that you're trying to access the database from an IP that isn't whitelisted. Make sure your current IP address is on your Atlas cluster's IP whitelist: https://www.mongodb.com/docs/atlas/security-whitelist/
2025-08-21 20:19:52 error: 	Get user circles error: grymeyCircleService.getCircles is not a function
2025-08-21 20:29:49 error: 	Get user circles error: Cannot read properties of undefined (reading 'page')
2025-08-21 20:37:03 error: 	Get user circles error: circles.map is not a function
2025-08-21 20:39:34 error: 	Get circle error: Cannot read properties of undefined (reading 'length')
2025-08-21 20:51:07 error: 	Error inviting user 689e3036dc8d8d371c466c21 to circle 68a7729ff65ff12bc9caa378: User is already a member of this circle
2025-08-21 20:51:07 error: 	Invite to circle error: User is already a member of this circle
2025-08-21 20:51:45 error: 	Error contributing to circle 689e5adc3e9ad666db548b6a: Circle not found
2025-08-21 20:51:45 error: 	Contribute to circle error: Circle not found
2025-08-21 20:52:04 error: 	Error contributing to circle 68a7729ff65ff12bc9caa378: Wallet validation failed: ledger.8.transactionId: Path `transactionId` is required.
2025-08-21 20:52:04 error: 	Contribute to circle error: Wallet validation failed: ledger.8.transactionId: Path `transactionId` is required.
2025-08-21 20:54:14 error: 	Error contributing to circle 68a7729ff65ff12bc9caa378: Transaction validation failed: receiverId: Path `receiverId` is required., type: `circle_contribution` is not a valid enum value for path `type`.
2025-08-21 20:54:14 error: 	Contribute to circle error: Transaction validation failed: receiverId: Path `receiverId` is required., type: `circle_contribution` is not a valid enum value for path `type`.
2025-08-21 21:01:00 error: 	Error withdrawing from circle 68a7729ff65ff12bc9caa378: Insufficient funds in circle
2025-08-21 21:01:00 error: 	Withdraw from circle error: Insufficient funds in circle
2025-08-21 21:03:08 error: 	MongoDB connection error: querySrv ESERVFAIL _mongodb._tcp.cluster0.mdnflzl.mongodb.net
