2025-08-03T18:49:53.275Z error: 	uncaughtException: moneyJarRoutes is not defined
ReferenceError: moneyJarRoutes is not defined
    at file:///Users/macbookpro/Desktop/projects/grymey/index.js:101:25
    at ModuleJob.run (node:internal/modules/esm/module_job:271:25)
    at async onImport.tracePromise.__proto__ (node:internal/modules/esm/loader:547:26)
    at async asyncRunEntryPointWithESMLoader (node:internal/modules/run_main:116:5)
2025-08-03T18:52:37.493Z error: 	uncaughtException: moneyJarRoutes is not defined
ReferenceError: moneyJarRoutes is not defined
    at file:///Users/macbookpro/Desktop/projects/grymey/index.js:101:25
    at ModuleJob.run (node:internal/modules/esm/module_job:271:25)
    at async onImport.tracePromise.__proto__ (node:internal/modules/esm/loader:547:26)
    at async asyncRunEntryPointWithESMLoader (node:internal/modules/run_main:116:5)
2025-08-03T18:53:25.215Z error: 	uncaughtException: moneyJarRoutes is not defined
ReferenceError: moneyJarRoutes is not defined
    at file:///Users/macbookpro/Desktop/projects/grymey/index.js:101:25
    at ModuleJob.run (node:internal/modules/esm/module_job:271:25)
    at async onImport.tracePromise.__proto__ (node:internal/modules/esm/loader:547:26)
    at async asyncRunEntryPointWithESMLoader (node:internal/modules/run_main:116:5)
2025-08-03T18:55:11.144Z error: 	uncaughtException: moneyJarRoutes is not defined
ReferenceError: moneyJarRoutes is not defined
    at file:///Users/macbookpro/Desktop/projects/grymey/index.js:101:25
    at ModuleJob.run (node:internal/modules/esm/module_job:271:25)
    at async onImport.tracePromise.__proto__ (node:internal/modules/esm/loader:547:26)
    at async asyncRunEntryPointWithESMLoader (node:internal/modules/run_main:116:5)
2025-08-03T18:55:30.759Z error: 	uncaughtException: moneyJarRoutes is not defined
ReferenceError: moneyJarRoutes is not defined
    at file:///Users/macbookpro/Desktop/projects/grymey/index.js:101:25
    at ModuleJob.run (node:internal/modules/esm/module_job:271:25)
    at async onImport.tracePromise.__proto__ (node:internal/modules/esm/loader:547:26)
    at async asyncRunEntryPointWithESMLoader (node:internal/modules/run_main:116:5)
2025-08-03T18:55:51.832Z error: 	uncaughtException: moneyJarRoutes is not defined
ReferenceError: moneyJarRoutes is not defined
    at file:///Users/macbookpro/Desktop/projects/grymey/index.js:101:25
    at ModuleJob.run (node:internal/modules/esm/module_job:271:25)
    at async onImport.tracePromise.__proto__ (node:internal/modules/esm/loader:547:26)
    at async asyncRunEntryPointWithESMLoader (node:internal/modules/run_main:116:5)
2025-08-03T18:56:03.002Z error: 	uncaughtException: moneyJarRoutes is not defined
ReferenceError: moneyJarRoutes is not defined
    at file:///Users/macbookpro/Desktop/projects/grymey/index.js:101:25
    at ModuleJob.run (node:internal/modules/esm/module_job:271:25)
    at async onImport.tracePromise.__proto__ (node:internal/modules/esm/loader:547:26)
    at async asyncRunEntryPointWithESMLoader (node:internal/modules/run_main:116:5)
2025-08-03T18:56:12.432Z error: 	uncaughtException: moneyJarRoutes is not defined
ReferenceError: moneyJarRoutes is not defined
    at file:///Users/macbookpro/Desktop/projects/grymey/index.js:101:25
    at ModuleJob.run (node:internal/modules/esm/module_job:271:25)
    at async onImport.tracePromise.__proto__ (node:internal/modules/esm/loader:547:26)
    at async asyncRunEntryPointWithESMLoader (node:internal/modules/run_main:116:5)
2025-08-03T18:56:19.775Z error: 	uncaughtException: moneyJarRoutes is not defined
ReferenceError: moneyJarRoutes is not defined
    at file:///Users/macbookpro/Desktop/projects/grymey/index.js:101:25
    at ModuleJob.run (node:internal/modules/esm/module_job:271:25)
    at async onImport.tracePromise.__proto__ (node:internal/modules/esm/loader:547:26)
    at async asyncRunEntryPointWithESMLoader (node:internal/modules/run_main:116:5)
2025-08-03T18:56:32.514Z error: 	uncaughtException: moneyJarRoutes is not defined
ReferenceError: moneyJarRoutes is not defined
    at file:///Users/macbookpro/Desktop/projects/grymey/index.js:101:25
    at ModuleJob.run (node:internal/modules/esm/module_job:271:25)
    at async onImport.tracePromise.__proto__ (node:internal/modules/esm/loader:547:26)
    at async asyncRunEntryPointWithESMLoader (node:internal/modules/run_main:116:5)
2025-08-03T18:56:42.067Z error: 	uncaughtException: moneyJarRoutes is not defined
ReferenceError: moneyJarRoutes is not defined
    at file:///Users/macbookpro/Desktop/projects/grymey/index.js:101:25
    at ModuleJob.run (node:internal/modules/esm/module_job:271:25)
    at async onImport.tracePromise.__proto__ (node:internal/modules/esm/loader:547:26)
    at async asyncRunEntryPointWithESMLoader (node:internal/modules/run_main:116:5)
2025-08-03T18:56:56.022Z error: 	uncaughtException: moneyJarRoutes is not defined
ReferenceError: moneyJarRoutes is not defined
    at file:///Users/macbookpro/Desktop/projects/grymey/index.js:101:25
    at ModuleJob.run (node:internal/modules/esm/module_job:271:25)
    at async onImport.tracePromise.__proto__ (node:internal/modules/esm/loader:547:26)
    at async asyncRunEntryPointWithESMLoader (node:internal/modules/run_main:116:5)
2025-08-03T18:57:05.028Z error: 	uncaughtException: moneyJarRoutes is not defined
ReferenceError: moneyJarRoutes is not defined
    at file:///Users/macbookpro/Desktop/projects/grymey/index.js:101:25
    at ModuleJob.run (node:internal/modules/esm/module_job:271:25)
    at async onImport.tracePromise.__proto__ (node:internal/modules/esm/loader:547:26)
    at async asyncRunEntryPointWithESMLoader (node:internal/modules/run_main:116:5)
2025-08-03T18:57:07.581Z error: 	uncaughtException: moneyJarRoutes is not defined
ReferenceError: moneyJarRoutes is not defined
    at file:///Users/macbookpro/Desktop/projects/grymey/index.js:101:25
    at ModuleJob.run (node:internal/modules/esm/module_job:271:25)
    at async onImport.tracePromise.__proto__ (node:internal/modules/esm/loader:547:26)
    at async asyncRunEntryPointWithESMLoader (node:internal/modules/run_main:116:5)
2025-08-03T18:57:19.208Z error: 	uncaughtException: moneyJarRoutes is not defined
ReferenceError: moneyJarRoutes is not defined
    at file:///Users/macbookpro/Desktop/projects/grymey/index.js:101:25
    at ModuleJob.run (node:internal/modules/esm/module_job:271:25)
    at async onImport.tracePromise.__proto__ (node:internal/modules/esm/loader:547:26)
    at async asyncRunEntryPointWithESMLoader (node:internal/modules/run_main:116:5)
2025-08-03T18:57:56.618Z error: 	uncaughtException: moneyJarRoutes is not defined
ReferenceError: moneyJarRoutes is not defined
    at file:///Users/macbookpro/Desktop/projects/grymey/index.js:101:25
    at ModuleJob.run (node:internal/modules/esm/module_job:271:25)
    at async onImport.tracePromise.__proto__ (node:internal/modules/esm/loader:547:26)
    at async asyncRunEntryPointWithESMLoader (node:internal/modules/run_main:116:5)
2025-08-03T18:58:48.107Z error: 	uncaughtException: moneyJarRoutes is not defined
ReferenceError: moneyJarRoutes is not defined
    at file:///Users/macbookpro/Desktop/projects/grymey/index.js:101:25
    at ModuleJob.run (node:internal/modules/esm/module_job:271:25)
    at async onImport.tracePromise.__proto__ (node:internal/modules/esm/loader:547:26)
    at async asyncRunEntryPointWithESMLoader (node:internal/modules/run_main:116:5)
2025-08-03T19:00:15.333Z error: 	uncaughtException: moneyJarRoutes is not defined
ReferenceError: moneyJarRoutes is not defined
    at file:///Users/macbookpro/Desktop/projects/grymey/index.js:101:25
    at ModuleJob.run (node:internal/modules/esm/module_job:271:25)
    at async onImport.tracePromise.__proto__ (node:internal/modules/esm/loader:547:26)
    at async asyncRunEntryPointWithESMLoader (node:internal/modules/run_main:116:5)
2025-08-03T19:01:01.707Z error: 	uncaughtException: moneyJarRoutes is not defined
ReferenceError: moneyJarRoutes is not defined
    at file:///Users/macbookpro/Desktop/projects/grymey/index.js:101:25
    at ModuleJob.run (node:internal/modules/esm/module_job:271:25)
    at async onImport.tracePromise.__proto__ (node:internal/modules/esm/loader:547:26)
    at async asyncRunEntryPointWithESMLoader (node:internal/modules/run_main:116:5)
2025-08-03T19:08:20.128Z error: 	uncaughtException: moneyJarRoutes is not defined
ReferenceError: moneyJarRoutes is not defined
    at file:///Users/macbookpro/Desktop/projects/grymey/index.js:101:25
    at ModuleJob.run (node:internal/modules/esm/module_job:271:25)
    at async onImport.tracePromise.__proto__ (node:internal/modules/esm/loader:547:26)
    at async asyncRunEntryPointWithESMLoader (node:internal/modules/run_main:116:5)
2025-08-03T19:09:38.039Z error: 	uncaughtException: moneyJarRoutes is not defined
ReferenceError: moneyJarRoutes is not defined
    at file:///Users/macbookpro/Desktop/projects/grymey/index.js:101:25
    at ModuleJob.run (node:internal/modules/esm/module_job:271:25)
    at async onImport.tracePromise.__proto__ (node:internal/modules/esm/loader:547:26)
    at async asyncRunEntryPointWithESMLoader (node:internal/modules/run_main:116:5)
2025-08-03T19:09:41.834Z error: 	uncaughtException: moneyJarRoutes is not defined
ReferenceError: moneyJarRoutes is not defined
    at file:///Users/macbookpro/Desktop/projects/grymey/index.js:101:25
    at ModuleJob.run (node:internal/modules/esm/module_job:271:25)
    at async onImport.tracePromise.__proto__ (node:internal/modules/esm/loader:547:26)
    at async asyncRunEntryPointWithESMLoader (node:internal/modules/run_main:116:5)
2025-08-03 20:30:38 error: 	uncaughtException: moneyJarRoutes is not defined
ReferenceError: moneyJarRoutes is not defined
    at file:///Users/macbookpro/Desktop/projects/grymey/index.js:101:25
    at ModuleJob.run (node:internal/modules/esm/module_job:271:25)
    at async onImport.tracePromise.__proto__ (node:internal/modules/esm/loader:547:26)
    at async asyncRunEntryPointWithESMLoader (node:internal/modules/run_main:116:5)
2025-08-03 20:31:47 error: 	uncaughtException: escrowRoutes is not defined
ReferenceError: escrowRoutes is not defined
    at file:///Users/macbookpro/Desktop/projects/grymey/index.js:103:27
    at ModuleJob.run (node:internal/modules/esm/module_job:271:25)
    at async onImport.tracePromise.__proto__ (node:internal/modules/esm/loader:547:26)
    at async asyncRunEntryPointWithESMLoader (node:internal/modules/run_main:116:5)
2025-08-03 20:32:35 error: 	uncaughtException: escrowRoutes is not defined
ReferenceError: escrowRoutes is not defined
    at file:///Users/macbookpro/Desktop/projects/grymey/index.js:102:27
    at ModuleJob.run (node:internal/modules/esm/module_job:271:25)
    at async onImport.tracePromise.__proto__ (node:internal/modules/esm/loader:547:26)
    at async asyncRunEntryPointWithESMLoader (node:internal/modules/run_main:116:5)
2025-08-14 17:51:31 error: 	uncaughtException: Map keys must be unique at line 2552, column 3:

                    example: true
  /split-payments:
  ^

YAMLParseError: Map keys must be unique at line 2552, column 3:

                    example: true
  /split-payments:
  ^

    at Composer.onError (/Users/macbookpro/Desktop/projects/grymey/node_modules/yaml/dist/compose/composer.js:70:34)
    at Object.resolveBlockMap (/Users/macbookpro/Desktop/projects/grymey/node_modules/yaml/dist/compose/resolve-block-map.js:64:13)
    at resolveCollection (/Users/macbookpro/Desktop/projects/grymey/node_modules/yaml/dist/compose/compose-collection.js:13:27)
    at Object.composeCollection (/Users/macbookpro/Desktop/projects/grymey/node_modules/yaml/dist/compose/compose-collection.js:59:16)
    at composeNode (/Users/macbookpro/Desktop/projects/grymey/node_modules/yaml/dist/compose/compose-node.js:33:38)
    at Object.resolveBlockMap (/Users/macbookpro/Desktop/projects/grymey/node_modules/yaml/dist/compose/resolve-block-map.js:85:19)
    at resolveCollection (/Users/macbookpro/Desktop/projects/grymey/node_modules/yaml/dist/compose/compose-collection.js:13:27)
    at Object.composeCollection (/Users/macbookpro/Desktop/projects/grymey/node_modules/yaml/dist/compose/compose-collection.js:59:16)
    at Object.composeNode (/Users/macbookpro/Desktop/projects/grymey/node_modules/yaml/dist/compose/compose-node.js:33:38)
    at Object.composeDoc (/Users/macbookpro/Desktop/projects/grymey/node_modules/yaml/dist/compose/compose-doc.js:35:23)
2025-08-14 18:01:14 error: 	uncaughtException: Map keys must be unique at line 2552, column 3:

                    example: true
  /split-payments:
  ^

YAMLParseError: Map keys must be unique at line 2552, column 3:

                    example: true
  /split-payments:
  ^

    at Composer.onError (/Users/macbookpro/Desktop/projects/grymey/node_modules/yaml/dist/compose/composer.js:70:34)
    at Object.resolveBlockMap (/Users/macbookpro/Desktop/projects/grymey/node_modules/yaml/dist/compose/resolve-block-map.js:64:13)
    at resolveCollection (/Users/macbookpro/Desktop/projects/grymey/node_modules/yaml/dist/compose/compose-collection.js:13:27)
    at Object.composeCollection (/Users/macbookpro/Desktop/projects/grymey/node_modules/yaml/dist/compose/compose-collection.js:59:16)
    at composeNode (/Users/macbookpro/Desktop/projects/grymey/node_modules/yaml/dist/compose/compose-node.js:33:38)
    at Object.resolveBlockMap (/Users/macbookpro/Desktop/projects/grymey/node_modules/yaml/dist/compose/resolve-block-map.js:85:19)
    at resolveCollection (/Users/macbookpro/Desktop/projects/grymey/node_modules/yaml/dist/compose/compose-collection.js:13:27)
    at Object.composeCollection (/Users/macbookpro/Desktop/projects/grymey/node_modules/yaml/dist/compose/compose-collection.js:59:16)
    at Object.composeNode (/Users/macbookpro/Desktop/projects/grymey/node_modules/yaml/dist/compose/compose-node.js:33:38)
    at Object.composeDoc (/Users/macbookpro/Desktop/projects/grymey/node_modules/yaml/dist/compose/compose-doc.js:35:23)
2025-08-14 18:05:06 error: 	uncaughtException: Map keys must be unique at line 2857, column 3:

                    example: true  
  /jars:
  ^

YAMLParseError: Map keys must be unique at line 2857, column 3:

                    example: true  
  /jars:
  ^

    at Composer.onError (/Users/macbookpro/Desktop/projects/grymey/node_modules/yaml/dist/compose/composer.js:70:34)
    at Object.resolveBlockMap (/Users/macbookpro/Desktop/projects/grymey/node_modules/yaml/dist/compose/resolve-block-map.js:64:13)
    at resolveCollection (/Users/macbookpro/Desktop/projects/grymey/node_modules/yaml/dist/compose/compose-collection.js:13:27)
    at Object.composeCollection (/Users/macbookpro/Desktop/projects/grymey/node_modules/yaml/dist/compose/compose-collection.js:59:16)
    at composeNode (/Users/macbookpro/Desktop/projects/grymey/node_modules/yaml/dist/compose/compose-node.js:33:38)
    at Object.resolveBlockMap (/Users/macbookpro/Desktop/projects/grymey/node_modules/yaml/dist/compose/resolve-block-map.js:85:19)
    at resolveCollection (/Users/macbookpro/Desktop/projects/grymey/node_modules/yaml/dist/compose/compose-collection.js:13:27)
    at Object.composeCollection (/Users/macbookpro/Desktop/projects/grymey/node_modules/yaml/dist/compose/compose-collection.js:59:16)
    at Object.composeNode (/Users/macbookpro/Desktop/projects/grymey/node_modules/yaml/dist/compose/compose-node.js:33:38)
    at Object.composeDoc (/Users/macbookpro/Desktop/projects/grymey/node_modules/yaml/dist/compose/compose-doc.js:35:23)
2025-08-14 19:34:54 error: 	uncaughtException: login is not defined
ReferenceError: login is not defined
    at file:///Users/macbookpro/Desktop/projects/grymey/routes/user.js:43:59
    at ModuleJob.run (node:internal/modules/esm/module_job:271:25)
    at async onImport.tracePromise.__proto__ (node:internal/modules/esm/loader:547:26)
    at async asyncRunEntryPointWithESMLoader (node:internal/modules/run_main:116:5)
2025-08-14 19:34:56 error: 	uncaughtException: Phonelogin is not defined
ReferenceError: Phonelogin is not defined
    at file:///Users/macbookpro/Desktop/projects/grymey/routes/user.js:43:59
    at ModuleJob.run (node:internal/modules/esm/module_job:271:25)
    at async onImport.tracePromise.__proto__ (node:internal/modules/esm/loader:547:26)
    at async asyncRunEntryPointWithESMLoader (node:internal/modules/run_main:116:5)
2025-08-14 19:34:59 error: 	uncaughtException: phonelogin is not defined
ReferenceError: phonelogin is not defined
    at file:///Users/macbookpro/Desktop/projects/grymey/routes/user.js:43:59
    at ModuleJob.run (node:internal/modules/esm/module_job:271:25)
    at async onImport.tracePromise.__proto__ (node:internal/modules/esm/loader:547:26)
    at async asyncRunEntryPointWithESMLoader (node:internal/modules/run_main:116:5)
2025-08-14 19:35:01 error: 	uncaughtException: phoneLogin is not defined
ReferenceError: phoneLogin is not defined
    at file:///Users/macbookpro/Desktop/projects/grymey/routes/user.js:43:59
    at ModuleJob.run (node:internal/modules/esm/module_job:271:25)
    at async onImport.tracePromise.__proto__ (node:internal/modules/esm/loader:547:26)
    at async asyncRunEntryPointWithESMLoader (node:internal/modules/run_main:116:5)
2025-08-14 19:35:14 error: 	uncaughtException: phoneLogin is not defined
ReferenceError: phoneLogin is not defined
    at file:///Users/macbookpro/Desktop/projects/grymey/routes/user.js:43:29
    at ModuleJob.run (node:internal/modules/esm/module_job:271:25)
    at async onImport.tracePromise.__proto__ (node:internal/modules/esm/loader:547:26)
    at async asyncRunEntryPointWithESMLoader (node:internal/modules/run_main:116:5)
2025-08-14 19:35:26 error: 	uncaughtException: phoneLogin is not defined
ReferenceError: phoneLogin is not defined
    at file:///Users/macbookpro/Desktop/projects/grymey/routes/user.js:43:29
    at ModuleJob.run (node:internal/modules/esm/module_job:271:25)
    at async onImport.tracePromise.__proto__ (node:internal/modules/esm/loader:547:26)
    at async asyncRunEntryPointWithESMLoader (node:internal/modules/run_main:116:5)
2025-08-14 19:35:27 error: 	uncaughtException: phoneLogin is not defined
ReferenceError: phoneLogin is not defined
    at file:///Users/macbookpro/Desktop/projects/grymey/routes/user.js:43:29
    at ModuleJob.run (node:internal/modules/esm/module_job:271:25)
    at async onImport.tracePromise.__proto__ (node:internal/modules/esm/loader:547:26)
    at async asyncRunEntryPointWithESMLoader (node:internal/modules/run_main:116:5)
2025-08-14 19:35:47 error: 	uncaughtException: phoneLogin is not defined
ReferenceError: phoneLogin is not defined
    at file:///Users/macbookpro/Desktop/projects/grymey/routes/user.js:43:29
    at ModuleJob.run (node:internal/modules/esm/module_job:271:25)
    at async onImport.tracePromise.__proto__ (node:internal/modules/esm/loader:547:26)
    at async asyncRunEntryPointWithESMLoader (node:internal/modules/run_main:116:5)
2025-08-14 19:36:00 error: 	uncaughtException: phoneLogin is not defined
ReferenceError: phoneLogin is not defined
    at file:///Users/macbookpro/Desktop/projects/grymey/routes/user.js:43:29
    at ModuleJob.run (node:internal/modules/esm/module_job:271:25)
    at async onImport.tracePromise.__proto__ (node:internal/modules/esm/loader:547:26)
    at async asyncRunEntryPointWithESMLoader (node:internal/modules/run_main:116:5)
2025-08-14 20:33:11 error: 	uncaughtException: Map keys must be unique at line 2387, column 3:

                    success: true
  /wallet/transactions/search:
  ^

YAMLParseError: Map keys must be unique at line 2387, column 3:

                    success: true
  /wallet/transactions/search:
  ^

    at Composer.onError (/Users/macbookpro/Desktop/projects/grymey/node_modules/yaml/dist/compose/composer.js:70:34)
    at Object.resolveBlockMap (/Users/macbookpro/Desktop/projects/grymey/node_modules/yaml/dist/compose/resolve-block-map.js:64:13)
    at resolveCollection (/Users/macbookpro/Desktop/projects/grymey/node_modules/yaml/dist/compose/compose-collection.js:13:27)
    at Object.composeCollection (/Users/macbookpro/Desktop/projects/grymey/node_modules/yaml/dist/compose/compose-collection.js:59:16)
    at composeNode (/Users/macbookpro/Desktop/projects/grymey/node_modules/yaml/dist/compose/compose-node.js:33:38)
    at Object.resolveBlockMap (/Users/macbookpro/Desktop/projects/grymey/node_modules/yaml/dist/compose/resolve-block-map.js:85:19)
    at resolveCollection (/Users/macbookpro/Desktop/projects/grymey/node_modules/yaml/dist/compose/compose-collection.js:13:27)
    at Object.composeCollection (/Users/macbookpro/Desktop/projects/grymey/node_modules/yaml/dist/compose/compose-collection.js:59:16)
    at Object.composeNode (/Users/macbookpro/Desktop/projects/grymey/node_modules/yaml/dist/compose/compose-node.js:33:38)
    at Object.composeDoc (/Users/macbookpro/Desktop/projects/grymey/node_modules/yaml/dist/compose/compose-doc.js:35:23)
2025-08-15 12:41:27 error: 	uncaughtException: argument handler must be a function
TypeError: argument handler must be a function
    at Route.<computed> [as get] (/Users/macbookpro/Desktop/projects/grymey/node_modules/router/lib/route.js:228:15)
    at Router.<computed> [as get] (/Users/macbookpro/Desktop/projects/grymey/node_modules/router/index.js:448:19)
    at file:///Users/macbookpro/Desktop/projects/grymey/routes/receiveMoney.js:17:8
    at ModuleJob.run (node:internal/modules/esm/module_job:271:25)
    at async onImport.tracePromise.__proto__ (node:internal/modules/esm/loader:547:26)
    at async asyncRunEntryPointWithESMLoader (node:internal/modules/run_main:116:5)
2025-08-15 12:41:40 error: 	uncaughtException: argument handler must be a function
TypeError: argument handler must be a function
    at Route.<computed> [as get] (/Users/macbookpro/Desktop/projects/grymey/node_modules/router/lib/route.js:228:15)
    at Router.<computed> [as get] (/Users/macbookpro/Desktop/projects/grymey/node_modules/router/index.js:448:19)
    at file:///Users/macbookpro/Desktop/projects/grymey/routes/receiveMoney.js:17:8
    at ModuleJob.run (node:internal/modules/esm/module_job:271:25)
    at async onImport.tracePromise.__proto__ (node:internal/modules/esm/loader:547:26)
    at async asyncRunEntryPointWithESMLoader (node:internal/modules/run_main:116:5)
2025-08-15 14:38:53 error: 	uncaughtException: argument handler must be a function
TypeError: argument handler must be a function
    at Route.<computed> [as get] (/Users/macbookpro/Desktop/projects/grymey/node_modules/router/lib/route.js:228:15)
    at Router.<computed> [as get] (/Users/macbookpro/Desktop/projects/grymey/node_modules/router/index.js:448:19)
    at file:///Users/macbookpro/Desktop/projects/grymey/routes/splitPayment.js:10:8
    at ModuleJob.run (node:internal/modules/esm/module_job:271:25)
    at async onImport.tracePromise.__proto__ (node:internal/modules/esm/loader:547:26)
    at async asyncRunEntryPointWithESMLoader (node:internal/modules/run_main:116:5)
2025-08-15 14:39:10 error: 	uncaughtException: argument handler must be a function
TypeError: argument handler must be a function
    at Route.<computed> [as get] (/Users/macbookpro/Desktop/projects/grymey/node_modules/router/lib/route.js:228:15)
    at Router.<computed> [as get] (/Users/macbookpro/Desktop/projects/grymey/node_modules/router/index.js:448:19)
    at file:///Users/macbookpro/Desktop/projects/grymey/routes/splitPayment.js:10:8
    at ModuleJob.run (node:internal/modules/esm/module_job:271:25)
    at async onImport.tracePromise.__proto__ (node:internal/modules/esm/loader:547:26)
    at async asyncRunEntryPointWithESMLoader (node:internal/modules/run_main:116:5)
2025-08-15 21:48:37 error: 	uncaughtException: argument handler must be a function
TypeError: argument handler must be a function
    at Route.<computed> [as get] (/Users/macbookpro/Desktop/projects/grymey/node_modules/router/lib/route.js:228:15)
    at Router.<computed> [as get] (/Users/macbookpro/Desktop/projects/grymey/node_modules/router/index.js:448:19)
    at file:///Users/macbookpro/Desktop/projects/grymey/routes/escrow.js:13:8
    at ModuleJob.run (node:internal/modules/esm/module_job:271:25)
    at async onImport.tracePromise.__proto__ (node:internal/modules/esm/loader:547:26)
    at async asyncRunEntryPointWithESMLoader (node:internal/modules/run_main:116:5)
2025-08-15 22:05:14 error: 	uncaughtException: argument handler must be a function
TypeError: argument handler must be a function
    at Route.<computed> [as get] (/Users/macbookpro/Desktop/projects/grymey/node_modules/router/lib/route.js:228:15)
    at Router.<computed> [as get] (/Users/macbookpro/Desktop/projects/grymey/node_modules/router/index.js:448:19)
    at file:///Users/macbookpro/Desktop/projects/grymey/routes/wallet.js:11:8
    at ModuleJob.run (node:internal/modules/esm/module_job:271:25)
    at async onImport.tracePromise.__proto__ (node:internal/modules/esm/loader:547:26)
    at async asyncRunEntryPointWithESMLoader (node:internal/modules/run_main:116:5)
2025-08-15 22:05:56 error: 	uncaughtException: argument handler must be a function
TypeError: argument handler must be a function
    at Route.<computed> [as get] (/Users/macbookpro/Desktop/projects/grymey/node_modules/router/lib/route.js:228:15)
    at Router.<computed> [as get] (/Users/macbookpro/Desktop/projects/grymey/node_modules/router/index.js:448:19)
    at file:///Users/macbookpro/Desktop/projects/grymey/routes/wallet.js:11:8
    at ModuleJob.run (node:internal/modules/esm/module_job:271:25)
    at async onImport.tracePromise.__proto__ (node:internal/modules/esm/loader:547:26)
    at async asyncRunEntryPointWithESMLoader (node:internal/modules/run_main:116:5)
2025-08-15 22:35:01 error: 	uncaughtException: Map keys must be unique at line 3861, column 5:

                    example: true    
    post:
    ^

YAMLParseError: Map keys must be unique at line 3861, column 5:

                    example: true    
    post:
    ^

    at Composer.onError (/Users/macbookpro/Desktop/projects/grymey/node_modules/yaml/dist/compose/composer.js:70:34)
    at Object.resolveBlockMap (/Users/macbookpro/Desktop/projects/grymey/node_modules/yaml/dist/compose/resolve-block-map.js:64:13)
    at resolveCollection (/Users/macbookpro/Desktop/projects/grymey/node_modules/yaml/dist/compose/compose-collection.js:13:27)
    at Object.composeCollection (/Users/macbookpro/Desktop/projects/grymey/node_modules/yaml/dist/compose/compose-collection.js:59:16)
    at composeNode (/Users/macbookpro/Desktop/projects/grymey/node_modules/yaml/dist/compose/compose-node.js:33:38)
    at Object.resolveBlockMap (/Users/macbookpro/Desktop/projects/grymey/node_modules/yaml/dist/compose/resolve-block-map.js:85:19)
    at resolveCollection (/Users/macbookpro/Desktop/projects/grymey/node_modules/yaml/dist/compose/compose-collection.js:13:27)
    at Object.composeCollection (/Users/macbookpro/Desktop/projects/grymey/node_modules/yaml/dist/compose/compose-collection.js:59:16)
    at composeNode (/Users/macbookpro/Desktop/projects/grymey/node_modules/yaml/dist/compose/compose-node.js:33:38)
    at Object.resolveBlockMap (/Users/macbookpro/Desktop/projects/grymey/node_modules/yaml/dist/compose/resolve-block-map.js:85:19)
2025-08-15 22:46:23 error: 	uncaughtException: Map keys must be unique at line 3861, column 5:

                    example: true    
    post:
    ^

YAMLParseError: Map keys must be unique at line 3861, column 5:

                    example: true    
    post:
    ^

    at Composer.onError (/Users/macbookpro/Desktop/projects/grymey/node_modules/yaml/dist/compose/composer.js:70:34)
    at Object.resolveBlockMap (/Users/macbookpro/Desktop/projects/grymey/node_modules/yaml/dist/compose/resolve-block-map.js:64:13)
    at resolveCollection (/Users/macbookpro/Desktop/projects/grymey/node_modules/yaml/dist/compose/compose-collection.js:13:27)
    at Object.composeCollection (/Users/macbookpro/Desktop/projects/grymey/node_modules/yaml/dist/compose/compose-collection.js:59:16)
    at composeNode (/Users/macbookpro/Desktop/projects/grymey/node_modules/yaml/dist/compose/compose-node.js:33:38)
    at Object.resolveBlockMap (/Users/macbookpro/Desktop/projects/grymey/node_modules/yaml/dist/compose/resolve-block-map.js:85:19)
    at resolveCollection (/Users/macbookpro/Desktop/projects/grymey/node_modules/yaml/dist/compose/compose-collection.js:13:27)
    at Object.composeCollection (/Users/macbookpro/Desktop/projects/grymey/node_modules/yaml/dist/compose/compose-collection.js:59:16)
    at composeNode (/Users/macbookpro/Desktop/projects/grymey/node_modules/yaml/dist/compose/compose-node.js:33:38)
    at Object.resolveBlockMap (/Users/macbookpro/Desktop/projects/grymey/node_modules/yaml/dist/compose/resolve-block-map.js:85:19)
2025-08-21 14:34:54 error: 	uncaughtException: argument handler must be a function
TypeError: argument handler must be a function
    at Route.<computed> [as get] (/Users/macbookpro/Desktop/projects/grymey/node_modules/router/lib/route.js:228:15)
    at Router.<computed> [as get] (/Users/macbookpro/Desktop/projects/grymey/node_modules/router/index.js:448:19)
    at file:///Users/macbookpro/Desktop/projects/grymey/routes/escrow.js:11:8
    at ModuleJob.run (node:internal/modules/esm/module_job:271:25)
    at async onImport.tracePromise.__proto__ (node:internal/modules/esm/loader:547:26)
    at async asyncRunEntryPointWithESMLoader (node:internal/modules/run_main:116:5)
2025-08-21 14:35:10 error: 	uncaughtException: argument handler must be a function
TypeError: argument handler must be a function
    at Route.<computed> [as get] (/Users/macbookpro/Desktop/projects/grymey/node_modules/router/lib/route.js:228:15)
    at Router.<computed> [as get] (/Users/macbookpro/Desktop/projects/grymey/node_modules/router/index.js:448:19)
    at file:///Users/macbookpro/Desktop/projects/grymey/routes/escrow.js:11:8
    at ModuleJob.run (node:internal/modules/esm/module_job:271:25)
    at async onImport.tracePromise.__proto__ (node:internal/modules/esm/loader:547:26)
    at async asyncRunEntryPointWithESMLoader (node:internal/modules/run_main:116:5)
2025-08-21 14:35:13 error: 	uncaughtException: Map keys must be unique at line 3562, column 3:

                    example: true  
  /escrow/{escrowId}/release:
  ^

YAMLParseError: Map keys must be unique at line 3562, column 3:

                    example: true  
  /escrow/{escrowId}/release:
  ^

    at Composer.onError (/Users/macbookpro/Desktop/projects/grymey/node_modules/yaml/dist/compose/composer.js:70:34)
    at Object.resolveBlockMap (/Users/macbookpro/Desktop/projects/grymey/node_modules/yaml/dist/compose/resolve-block-map.js:64:13)
    at resolveCollection (/Users/macbookpro/Desktop/projects/grymey/node_modules/yaml/dist/compose/compose-collection.js:13:27)
    at Object.composeCollection (/Users/macbookpro/Desktop/projects/grymey/node_modules/yaml/dist/compose/compose-collection.js:59:16)
    at composeNode (/Users/macbookpro/Desktop/projects/grymey/node_modules/yaml/dist/compose/compose-node.js:33:38)
    at Object.resolveBlockMap (/Users/macbookpro/Desktop/projects/grymey/node_modules/yaml/dist/compose/resolve-block-map.js:85:19)
    at resolveCollection (/Users/macbookpro/Desktop/projects/grymey/node_modules/yaml/dist/compose/compose-collection.js:13:27)
    at Object.composeCollection (/Users/macbookpro/Desktop/projects/grymey/node_modules/yaml/dist/compose/compose-collection.js:59:16)
    at Object.composeNode (/Users/macbookpro/Desktop/projects/grymey/node_modules/yaml/dist/compose/compose-node.js:33:38)
    at Object.composeDoc (/Users/macbookpro/Desktop/projects/grymey/node_modules/yaml/dist/compose/compose-doc.js:35:23)
2025-08-21 14:35:21 error: 	uncaughtException: Map keys must be unique at line 3562, column 3:

                    example: true  
  /escrow/{escrowId}/release:
  ^

YAMLParseError: Map keys must be unique at line 3562, column 3:

                    example: true  
  /escrow/{escrowId}/release:
  ^

    at Composer.onError (/Users/macbookpro/Desktop/projects/grymey/node_modules/yaml/dist/compose/composer.js:70:34)
    at Object.resolveBlockMap (/Users/macbookpro/Desktop/projects/grymey/node_modules/yaml/dist/compose/resolve-block-map.js:64:13)
    at resolveCollection (/Users/macbookpro/Desktop/projects/grymey/node_modules/yaml/dist/compose/compose-collection.js:13:27)
    at Object.composeCollection (/Users/macbookpro/Desktop/projects/grymey/node_modules/yaml/dist/compose/compose-collection.js:59:16)
    at composeNode (/Users/macbookpro/Desktop/projects/grymey/node_modules/yaml/dist/compose/compose-node.js:33:38)
    at Object.resolveBlockMap (/Users/macbookpro/Desktop/projects/grymey/node_modules/yaml/dist/compose/resolve-block-map.js:85:19)
    at resolveCollection (/Users/macbookpro/Desktop/projects/grymey/node_modules/yaml/dist/compose/compose-collection.js:13:27)
    at Object.composeCollection (/Users/macbookpro/Desktop/projects/grymey/node_modules/yaml/dist/compose/compose-collection.js:59:16)
    at Object.composeNode (/Users/macbookpro/Desktop/projects/grymey/node_modules/yaml/dist/compose/compose-node.js:33:38)
    at Object.composeDoc (/Users/macbookpro/Desktop/projects/grymey/node_modules/yaml/dist/compose/compose-doc.js:35:23)
2025-08-21 14:35:36 error: 	uncaughtException: Map keys must be unique at line 3562, column 3:

                    example: true  
  /escrow/{escrowId}/release:
  ^

YAMLParseError: Map keys must be unique at line 3562, column 3:

                    example: true  
  /escrow/{escrowId}/release:
  ^

    at Composer.onError (/Users/macbookpro/Desktop/projects/grymey/node_modules/yaml/dist/compose/composer.js:70:34)
    at Object.resolveBlockMap (/Users/macbookpro/Desktop/projects/grymey/node_modules/yaml/dist/compose/resolve-block-map.js:64:13)
    at resolveCollection (/Users/macbookpro/Desktop/projects/grymey/node_modules/yaml/dist/compose/compose-collection.js:13:27)
    at Object.composeCollection (/Users/macbookpro/Desktop/projects/grymey/node_modules/yaml/dist/compose/compose-collection.js:59:16)
    at composeNode (/Users/macbookpro/Desktop/projects/grymey/node_modules/yaml/dist/compose/compose-node.js:33:38)
    at Object.resolveBlockMap (/Users/macbookpro/Desktop/projects/grymey/node_modules/yaml/dist/compose/resolve-block-map.js:85:19)
    at resolveCollection (/Users/macbookpro/Desktop/projects/grymey/node_modules/yaml/dist/compose/compose-collection.js:13:27)
    at Object.composeCollection (/Users/macbookpro/Desktop/projects/grymey/node_modules/yaml/dist/compose/compose-collection.js:59:16)
    at Object.composeNode (/Users/macbookpro/Desktop/projects/grymey/node_modules/yaml/dist/compose/compose-node.js:33:38)
    at Object.composeDoc (/Users/macbookpro/Desktop/projects/grymey/node_modules/yaml/dist/compose/compose-doc.js:35:23)
2025-08-21 14:35:43 error: 	uncaughtException: Map keys must be unique at line 3562, column 3:

                    example: true  
  /escrow/{escrowId}/release:
  ^

YAMLParseError: Map keys must be unique at line 3562, column 3:

                    example: true  
  /escrow/{escrowId}/release:
  ^

    at Composer.onError (/Users/macbookpro/Desktop/projects/grymey/node_modules/yaml/dist/compose/composer.js:70:34)
    at Object.resolveBlockMap (/Users/macbookpro/Desktop/projects/grymey/node_modules/yaml/dist/compose/resolve-block-map.js:64:13)
    at resolveCollection (/Users/macbookpro/Desktop/projects/grymey/node_modules/yaml/dist/compose/compose-collection.js:13:27)
    at Object.composeCollection (/Users/macbookpro/Desktop/projects/grymey/node_modules/yaml/dist/compose/compose-collection.js:59:16)
    at composeNode (/Users/macbookpro/Desktop/projects/grymey/node_modules/yaml/dist/compose/compose-node.js:33:38)
    at Object.resolveBlockMap (/Users/macbookpro/Desktop/projects/grymey/node_modules/yaml/dist/compose/resolve-block-map.js:85:19)
    at resolveCollection (/Users/macbookpro/Desktop/projects/grymey/node_modules/yaml/dist/compose/compose-collection.js:13:27)
    at Object.composeCollection (/Users/macbookpro/Desktop/projects/grymey/node_modules/yaml/dist/compose/compose-collection.js:59:16)
    at Object.composeNode (/Users/macbookpro/Desktop/projects/grymey/node_modules/yaml/dist/compose/compose-node.js:33:38)
    at Object.composeDoc (/Users/macbookpro/Desktop/projects/grymey/node_modules/yaml/dist/compose/compose-doc.js:35:23)
2025-08-21 14:36:01 error: 	uncaughtException: Map keys must be unique at line 3562, column 3:

                    example: true  
  /escrow/{escrowId}/release:
  ^

YAMLParseError: Map keys must be unique at line 3562, column 3:

                    example: true  
  /escrow/{escrowId}/release:
  ^

    at Composer.onError (/Users/macbookpro/Desktop/projects/grymey/node_modules/yaml/dist/compose/composer.js:70:34)
    at Object.resolveBlockMap (/Users/macbookpro/Desktop/projects/grymey/node_modules/yaml/dist/compose/resolve-block-map.js:64:13)
    at resolveCollection (/Users/macbookpro/Desktop/projects/grymey/node_modules/yaml/dist/compose/compose-collection.js:13:27)
    at Object.composeCollection (/Users/macbookpro/Desktop/projects/grymey/node_modules/yaml/dist/compose/compose-collection.js:59:16)
    at composeNode (/Users/macbookpro/Desktop/projects/grymey/node_modules/yaml/dist/compose/compose-node.js:33:38)
    at Object.resolveBlockMap (/Users/macbookpro/Desktop/projects/grymey/node_modules/yaml/dist/compose/resolve-block-map.js:85:19)
    at resolveCollection (/Users/macbookpro/Desktop/projects/grymey/node_modules/yaml/dist/compose/compose-collection.js:13:27)
    at Object.composeCollection (/Users/macbookpro/Desktop/projects/grymey/node_modules/yaml/dist/compose/compose-collection.js:59:16)
    at Object.composeNode (/Users/macbookpro/Desktop/projects/grymey/node_modules/yaml/dist/compose/compose-node.js:33:38)
    at Object.composeDoc (/Users/macbookpro/Desktop/projects/grymey/node_modules/yaml/dist/compose/compose-doc.js:35:23)
2025-08-21 14:36:47 error: 	uncaughtException: Map keys must be unique at line 3562, column 3:

                    example: true  
  /escrow/{escrowId}/release:
  ^

YAMLParseError: Map keys must be unique at line 3562, column 3:

                    example: true  
  /escrow/{escrowId}/release:
  ^

    at Composer.onError (/Users/macbookpro/Desktop/projects/grymey/node_modules/yaml/dist/compose/composer.js:70:34)
    at Object.resolveBlockMap (/Users/macbookpro/Desktop/projects/grymey/node_modules/yaml/dist/compose/resolve-block-map.js:64:13)
    at resolveCollection (/Users/macbookpro/Desktop/projects/grymey/node_modules/yaml/dist/compose/compose-collection.js:13:27)
    at Object.composeCollection (/Users/macbookpro/Desktop/projects/grymey/node_modules/yaml/dist/compose/compose-collection.js:59:16)
    at composeNode (/Users/macbookpro/Desktop/projects/grymey/node_modules/yaml/dist/compose/compose-node.js:33:38)
    at Object.resolveBlockMap (/Users/macbookpro/Desktop/projects/grymey/node_modules/yaml/dist/compose/resolve-block-map.js:85:19)
    at resolveCollection (/Users/macbookpro/Desktop/projects/grymey/node_modules/yaml/dist/compose/compose-collection.js:13:27)
    at Object.composeCollection (/Users/macbookpro/Desktop/projects/grymey/node_modules/yaml/dist/compose/compose-collection.js:59:16)
    at Object.composeNode (/Users/macbookpro/Desktop/projects/grymey/node_modules/yaml/dist/compose/compose-node.js:33:38)
    at Object.composeDoc (/Users/macbookpro/Desktop/projects/grymey/node_modules/yaml/dist/compose/compose-doc.js:35:23)
2025-08-21 14:36:59 error: 	uncaughtException: Map keys must be unique at line 3562, column 3:

                    example: true  
  /escrow/{escrowId}/release:
  ^

YAMLParseError: Map keys must be unique at line 3562, column 3:

                    example: true  
  /escrow/{escrowId}/release:
  ^

    at Composer.onError (/Users/macbookpro/Desktop/projects/grymey/node_modules/yaml/dist/compose/composer.js:70:34)
    at Object.resolveBlockMap (/Users/macbookpro/Desktop/projects/grymey/node_modules/yaml/dist/compose/resolve-block-map.js:64:13)
    at resolveCollection (/Users/macbookpro/Desktop/projects/grymey/node_modules/yaml/dist/compose/compose-collection.js:13:27)
    at Object.composeCollection (/Users/macbookpro/Desktop/projects/grymey/node_modules/yaml/dist/compose/compose-collection.js:59:16)
    at composeNode (/Users/macbookpro/Desktop/projects/grymey/node_modules/yaml/dist/compose/compose-node.js:33:38)
    at Object.resolveBlockMap (/Users/macbookpro/Desktop/projects/grymey/node_modules/yaml/dist/compose/resolve-block-map.js:85:19)
    at resolveCollection (/Users/macbookpro/Desktop/projects/grymey/node_modules/yaml/dist/compose/compose-collection.js:13:27)
    at Object.composeCollection (/Users/macbookpro/Desktop/projects/grymey/node_modules/yaml/dist/compose/compose-collection.js:59:16)
    at Object.composeNode (/Users/macbookpro/Desktop/projects/grymey/node_modules/yaml/dist/compose/compose-node.js:33:38)
    at Object.composeDoc (/Users/macbookpro/Desktop/projects/grymey/node_modules/yaml/dist/compose/compose-doc.js:35:23)
2025-08-21 14:37:04 error: 	uncaughtException: Map keys must be unique at line 3562, column 3:

                    example: true  
  /escrow/{escrowId}/release:
  ^

YAMLParseError: Map keys must be unique at line 3562, column 3:

                    example: true  
  /escrow/{escrowId}/release:
  ^

    at Composer.onError (/Users/macbookpro/Desktop/projects/grymey/node_modules/yaml/dist/compose/composer.js:70:34)
    at Object.resolveBlockMap (/Users/macbookpro/Desktop/projects/grymey/node_modules/yaml/dist/compose/resolve-block-map.js:64:13)
    at resolveCollection (/Users/macbookpro/Desktop/projects/grymey/node_modules/yaml/dist/compose/compose-collection.js:13:27)
    at Object.composeCollection (/Users/macbookpro/Desktop/projects/grymey/node_modules/yaml/dist/compose/compose-collection.js:59:16)
    at composeNode (/Users/macbookpro/Desktop/projects/grymey/node_modules/yaml/dist/compose/compose-node.js:33:38)
    at Object.resolveBlockMap (/Users/macbookpro/Desktop/projects/grymey/node_modules/yaml/dist/compose/resolve-block-map.js:85:19)
    at resolveCollection (/Users/macbookpro/Desktop/projects/grymey/node_modules/yaml/dist/compose/compose-collection.js:13:27)
    at Object.composeCollection (/Users/macbookpro/Desktop/projects/grymey/node_modules/yaml/dist/compose/compose-collection.js:59:16)
    at Object.composeNode (/Users/macbookpro/Desktop/projects/grymey/node_modules/yaml/dist/compose/compose-node.js:33:38)
    at Object.composeDoc (/Users/macbookpro/Desktop/projects/grymey/node_modules/yaml/dist/compose/compose-doc.js:35:23)
2025-08-21 14:37:22 error: 	uncaughtException: Map keys must be unique at line 3562, column 3:

                    example: true  
  /escrow/{escrowId}/release:
  ^

YAMLParseError: Map keys must be unique at line 3562, column 3:

                    example: true  
  /escrow/{escrowId}/release:
  ^

    at Composer.onError (/Users/macbookpro/Desktop/projects/grymey/node_modules/yaml/dist/compose/composer.js:70:34)
    at Object.resolveBlockMap (/Users/macbookpro/Desktop/projects/grymey/node_modules/yaml/dist/compose/resolve-block-map.js:64:13)
    at resolveCollection (/Users/macbookpro/Desktop/projects/grymey/node_modules/yaml/dist/compose/compose-collection.js:13:27)
    at Object.composeCollection (/Users/macbookpro/Desktop/projects/grymey/node_modules/yaml/dist/compose/compose-collection.js:59:16)
    at composeNode (/Users/macbookpro/Desktop/projects/grymey/node_modules/yaml/dist/compose/compose-node.js:33:38)
    at Object.resolveBlockMap (/Users/macbookpro/Desktop/projects/grymey/node_modules/yaml/dist/compose/resolve-block-map.js:85:19)
    at resolveCollection (/Users/macbookpro/Desktop/projects/grymey/node_modules/yaml/dist/compose/compose-collection.js:13:27)
    at Object.composeCollection (/Users/macbookpro/Desktop/projects/grymey/node_modules/yaml/dist/compose/compose-collection.js:59:16)
    at Object.composeNode (/Users/macbookpro/Desktop/projects/grymey/node_modules/yaml/dist/compose/compose-node.js:33:38)
    at Object.composeDoc (/Users/macbookpro/Desktop/projects/grymey/node_modules/yaml/dist/compose/compose-doc.js:35:23)
2025-08-21 15:59:30 error: 	uncaughtException: Map keys must be unique at line 4208, column 3:

 
  /circles/search:
  ^

YAMLParseError: Map keys must be unique at line 4208, column 3:

 
  /circles/search:
  ^

    at Composer.onError (/Users/macbookpro/Desktop/projects/grymey/node_modules/yaml/dist/compose/composer.js:70:34)
    at Object.resolveBlockMap (/Users/macbookpro/Desktop/projects/grymey/node_modules/yaml/dist/compose/resolve-block-map.js:64:13)
    at resolveCollection (/Users/macbookpro/Desktop/projects/grymey/node_modules/yaml/dist/compose/compose-collection.js:13:27)
    at Object.composeCollection (/Users/macbookpro/Desktop/projects/grymey/node_modules/yaml/dist/compose/compose-collection.js:59:16)
    at composeNode (/Users/macbookpro/Desktop/projects/grymey/node_modules/yaml/dist/compose/compose-node.js:33:38)
    at Object.resolveBlockMap (/Users/macbookpro/Desktop/projects/grymey/node_modules/yaml/dist/compose/resolve-block-map.js:85:19)
    at resolveCollection (/Users/macbookpro/Desktop/projects/grymey/node_modules/yaml/dist/compose/compose-collection.js:13:27)
    at Object.composeCollection (/Users/macbookpro/Desktop/projects/grymey/node_modules/yaml/dist/compose/compose-collection.js:59:16)
    at Object.composeNode (/Users/macbookpro/Desktop/projects/grymey/node_modules/yaml/dist/compose/compose-node.js:33:38)
    at Object.composeDoc (/Users/macbookpro/Desktop/projects/grymey/node_modules/yaml/dist/compose/compose-doc.js:35:23)
2025-08-21 15:59:38 error: 	uncaughtException: argument handler must be a function
TypeError: argument handler must be a function
    at Route.<computed> [as get] (/Users/macbookpro/Desktop/projects/grymey/node_modules/router/lib/route.js:228:15)
    at Router.<computed> [as get] (/Users/macbookpro/Desktop/projects/grymey/node_modules/router/index.js:448:19)
    at file:///Users/macbookpro/Desktop/projects/grymey/routes/grymeyCircle.js:11:8
    at ModuleJob.run (node:internal/modules/esm/module_job:271:25)
    at async onImport.tracePromise.__proto__ (node:internal/modules/esm/loader:547:26)
    at async asyncRunEntryPointWithESMLoader (node:internal/modules/run_main:116:5)
2025-08-21 15:59:44 error: 	uncaughtException: argument handler must be a function
TypeError: argument handler must be a function
    at Route.<computed> [as get] (/Users/macbookpro/Desktop/projects/grymey/node_modules/router/lib/route.js:228:15)
    at Router.<computed> [as get] (/Users/macbookpro/Desktop/projects/grymey/node_modules/router/index.js:448:19)
    at file:///Users/macbookpro/Desktop/projects/grymey/routes/grymeyCircle.js:11:8
    at ModuleJob.run (node:internal/modules/esm/module_job:271:25)
    at async onImport.tracePromise.__proto__ (node:internal/modules/esm/loader:547:26)
    at async asyncRunEntryPointWithESMLoader (node:internal/modules/run_main:116:5)
2025-08-21 15:59:48 error: 	uncaughtException: Map keys must be unique at line 4208, column 3:

 
  /circles/search:
  ^

YAMLParseError: Map keys must be unique at line 4208, column 3:

 
  /circles/search:
  ^

    at Composer.onError (/Users/macbookpro/Desktop/projects/grymey/node_modules/yaml/dist/compose/composer.js:70:34)
    at Object.resolveBlockMap (/Users/macbookpro/Desktop/projects/grymey/node_modules/yaml/dist/compose/resolve-block-map.js:64:13)
    at resolveCollection (/Users/macbookpro/Desktop/projects/grymey/node_modules/yaml/dist/compose/compose-collection.js:13:27)
    at Object.composeCollection (/Users/macbookpro/Desktop/projects/grymey/node_modules/yaml/dist/compose/compose-collection.js:59:16)
    at composeNode (/Users/macbookpro/Desktop/projects/grymey/node_modules/yaml/dist/compose/compose-node.js:33:38)
    at Object.resolveBlockMap (/Users/macbookpro/Desktop/projects/grymey/node_modules/yaml/dist/compose/resolve-block-map.js:85:19)
    at resolveCollection (/Users/macbookpro/Desktop/projects/grymey/node_modules/yaml/dist/compose/compose-collection.js:13:27)
    at Object.composeCollection (/Users/macbookpro/Desktop/projects/grymey/node_modules/yaml/dist/compose/compose-collection.js:59:16)
    at Object.composeNode (/Users/macbookpro/Desktop/projects/grymey/node_modules/yaml/dist/compose/compose-node.js:33:38)
    at Object.composeDoc (/Users/macbookpro/Desktop/projects/grymey/node_modules/yaml/dist/compose/compose-doc.js:35:23)
2025-08-21 16:22:01 error: 	uncaughtException: Map keys must be unique at line 4499, column 3:

  
  /circles/{circleId}/invite:
  ^

YAMLParseError: Map keys must be unique at line 4499, column 3:

  
  /circles/{circleId}/invite:
  ^

    at Composer.onError (/Users/macbookpro/Desktop/projects/grymey/node_modules/yaml/dist/compose/composer.js:70:34)
    at Object.resolveBlockMap (/Users/macbookpro/Desktop/projects/grymey/node_modules/yaml/dist/compose/resolve-block-map.js:64:13)
    at resolveCollection (/Users/macbookpro/Desktop/projects/grymey/node_modules/yaml/dist/compose/compose-collection.js:13:27)
    at Object.composeCollection (/Users/macbookpro/Desktop/projects/grymey/node_modules/yaml/dist/compose/compose-collection.js:59:16)
    at composeNode (/Users/macbookpro/Desktop/projects/grymey/node_modules/yaml/dist/compose/compose-node.js:33:38)
    at Object.resolveBlockMap (/Users/macbookpro/Desktop/projects/grymey/node_modules/yaml/dist/compose/resolve-block-map.js:85:19)
    at resolveCollection (/Users/macbookpro/Desktop/projects/grymey/node_modules/yaml/dist/compose/compose-collection.js:13:27)
    at Object.composeCollection (/Users/macbookpro/Desktop/projects/grymey/node_modules/yaml/dist/compose/compose-collection.js:59:16)
    at Object.composeNode (/Users/macbookpro/Desktop/projects/grymey/node_modules/yaml/dist/compose/compose-node.js:33:38)
    at Object.composeDoc (/Users/macbookpro/Desktop/projects/grymey/node_modules/yaml/dist/compose/compose-doc.js:35:23)
2025-08-21 16:36:26 error: 	uncaughtException: argument handler must be a function
TypeError: argument handler must be a function
    at Route.<computed> [as get] (/Users/macbookpro/Desktop/projects/grymey/node_modules/router/lib/route.js:228:15)
    at Router.<computed> [as get] (/Users/macbookpro/Desktop/projects/grymey/node_modules/router/index.js:448:19)
    at file:///Users/macbookpro/Desktop/projects/grymey/routes/grymeyCircle.js:11:8
    at ModuleJob.run (node:internal/modules/esm/module_job:271:25)
    at async onImport.tracePromise.__proto__ (node:internal/modules/esm/loader:547:26)
    at async asyncRunEntryPointWithESMLoader (node:internal/modules/run_main:116:5)
2025-08-21 16:36:56 error: 	uncaughtException: argument handler must be a function
TypeError: argument handler must be a function
    at Route.<computed> [as get] (/Users/macbookpro/Desktop/projects/grymey/node_modules/router/lib/route.js:228:15)
    at Router.<computed> [as get] (/Users/macbookpro/Desktop/projects/grymey/node_modules/router/index.js:448:19)
    at file:///Users/macbookpro/Desktop/projects/grymey/routes/grymeyCircle.js:11:8
    at ModuleJob.run (node:internal/modules/esm/module_job:271:25)
    at async onImport.tracePromise.__proto__ (node:internal/modules/esm/loader:547:26)
    at async asyncRunEntryPointWithESMLoader (node:internal/modules/run_main:116:5)
2025-08-21 16:37:02 error: 	uncaughtException: argument handler must be a function
TypeError: argument handler must be a function
    at Route.<computed> [as get] (/Users/macbookpro/Desktop/projects/grymey/node_modules/router/lib/route.js:228:15)
    at Router.<computed> [as get] (/Users/macbookpro/Desktop/projects/grymey/node_modules/router/index.js:448:19)
    at file:///Users/macbookpro/Desktop/projects/grymey/routes/grymeyCircle.js:13:8
    at ModuleJob.run (node:internal/modules/esm/module_job:271:25)
    at async onImport.tracePromise.__proto__ (node:internal/modules/esm/loader:547:26)
    at async asyncRunEntryPointWithESMLoader (node:internal/modules/run_main:116:5)
